0 info it worked if it ends with ok
1 verbose cli [ '/usr/local/Cellar/node/7.1.0/bin/node',
1 verbose cli   '/usr/local/bin/npm',
1 verbose cli   'install' ]
2 info using npm@3.10.9
3 info using node@v7.1.0
4 silly loadCurrentTree Starting
5 silly install loadCurrentTree
6 silly install readLocalPackageData
7 silly install normalizeTree
8 silly loadCurrentTree Finishing
9 silly loadIdealTree Starting
10 silly install loadIdealTree
11 silly cloneCurrentTree Starting
12 silly install cloneCurrentTreeToIdealTree
13 silly cloneCurrentTree Finishing
14 silly loadShrinkwrap Starting
15 silly install loadShrinkwrap
16 silly loadShrinkwrap Finishing
17 silly loadAllDepsIntoIdealTree Starting
18 silly install loadAllDepsIntoIdealTree
19 silly fetchNamedPackageData jsdom
20 silly mapToRegistry name jsdom
21 silly mapToRegistry using default registry
22 silly mapToRegistry registry https://registry.npmjs.org/
23 silly mapToRegistry data Result {
23 silly mapToRegistry   raw: 'jsdom',
23 silly mapToRegistry   scope: null,
23 silly mapToRegistry   escapedName: 'jsdom',
23 silly mapToRegistry   name: 'jsdom',
23 silly mapToRegistry   rawSpec: '',
23 silly mapToRegistry   spec: 'latest',
23 silly mapToRegistry   type: 'tag' }
24 silly mapToRegistry uri https://registry.npmjs.org/jsdom
25 verbose request uri https://registry.npmjs.org/jsdom
26 verbose request no auth needed
27 info attempt registry request try #1 at 6:53:46 PM
28 verbose request id 7829fdfb0632df76
29 verbose etag W/"59222389-9753f"
30 verbose lastModified Sun, 21 May 2017 23:32:25 GMT
31 http request GET https://registry.npmjs.org/jsdom
32 http 304 https://registry.npmjs.org/jsdom
33 verbose headers { date: 'Wed, 31 May 2017 01:53:47 GMT',
33 verbose headers   via: '1.1 varnish',
33 verbose headers   'cache-control': 'max-age=300',
33 verbose headers   etag: 'W/"59222389-9753f"',
33 verbose headers   age: '180',
33 verbose headers   connection: 'keep-alive',
33 verbose headers   'x-served-by': 'cache-sea1044-SEA',
33 verbose headers   'x-cache': 'HIT',
33 verbose headers   'x-cache-hits': '1',
33 verbose headers   'x-timer': 'S1496195627.395411,VS0,VE1',
33 verbose headers   vary: 'Accept-Encoding' }
34 silly get cb [ 304,
34 silly get   { date: 'Wed, 31 May 2017 01:53:47 GMT',
34 silly get     via: '1.1 varnish',
34 silly get     'cache-control': 'max-age=300',
34 silly get     etag: 'W/"59222389-9753f"',
34 silly get     age: '180',
34 silly get     connection: 'keep-alive',
34 silly get     'x-served-by': 'cache-sea1044-SEA',
34 silly get     'x-cache': 'HIT',
34 silly get     'x-cache-hits': '1',
34 silly get     'x-timer': 'S1496195627.395411,VS0,VE1',
34 silly get     vary: 'Accept-Encoding' } ]
35 verbose etag https://registry.npmjs.org/jsdom from cache
36 verbose get saving jsdom to /Users/kbrumer/.npm/registry.npmjs.org/jsdom/.cache.json
37 verbose correctMkdir /Users/kbrumer/.npm correctMkdir not in flight; initializing
38 silly resolveWithNewModule jsdom@1.5.0 checking installable status
39 silly cache add args [ 'jsdom@^1.3.1', null ]
40 verbose cache add spec jsdom@^1.3.1
41 silly cache add parsed spec Result {
41 silly cache add   raw: 'jsdom@^1.3.1',
41 silly cache add   scope: null,
41 silly cache add   escapedName: 'jsdom',
41 silly cache add   name: 'jsdom',
41 silly cache add   rawSpec: '^1.3.1',
41 silly cache add   spec: '>=1.3.1 <2.0.0',
41 silly cache add   type: 'range' }
42 silly addNamed jsdom@>=1.3.1 <2.0.0
43 verbose addNamed ">=1.3.1 <2.0.0" is a valid semver range for jsdom
44 silly addNameRange { name: 'jsdom', range: '>=1.3.1 <2.0.0', hasData: false }
45 silly mapToRegistry name jsdom
46 silly mapToRegistry using default registry
47 silly mapToRegistry registry https://registry.npmjs.org/
48 silly mapToRegistry data Result {
48 silly mapToRegistry   raw: 'jsdom',
48 silly mapToRegistry   scope: null,
48 silly mapToRegistry   escapedName: 'jsdom',
48 silly mapToRegistry   name: 'jsdom',
48 silly mapToRegistry   rawSpec: '',
48 silly mapToRegistry   spec: 'latest',
48 silly mapToRegistry   type: 'tag' }
49 silly mapToRegistry uri https://registry.npmjs.org/jsdom
50 verbose addNameRange registry:https://registry.npmjs.org/jsdom not in flight; fetching
51 verbose get https://registry.npmjs.org/jsdom not expired, no request
52 silly addNameRange number 2 { name: 'jsdom', range: '>=1.3.1 <2.0.0', hasData: true }
53 silly addNameRange versions [ 'jsdom',
53 silly addNameRange   [ '0.0.1',
53 silly addNameRange     '0.1.2',
53 silly addNameRange     '0.1.4',
53 silly addNameRange     '0.1.5',
53 silly addNameRange     '0.1.6',
53 silly addNameRange     '0.1.7',
53 silly addNameRange     '0.1.8',
53 silly addNameRange     '0.1.9',
53 silly addNameRange     '0.1.10',
53 silly addNameRange     '0.1.11',
53 silly addNameRange     '0.1.12',
53 silly addNameRange     '0.1.13',
53 silly addNameRange     '0.1.15',
53 silly addNameRange     '0.1.16',
53 silly addNameRange     '0.1.17',
53 silly addNameRange     '0.1.18',
53 silly addNameRange     '0.1.19',
53 silly addNameRange     '0.1.20',
53 silly addNameRange     '0.1.21',
53 silly addNameRange     '0.1.22',
53 silly addNameRange     '0.1.23',
53 silly addNameRange     '0.2.0',
53 silly addNameRange     '0.2.1',
53 silly addNameRange     '0.2.2',
53 silly addNameRange     '0.2.3',
53 silly addNameRange     '0.2.4',
53 silly addNameRange     '0.2.5',
53 silly addNameRange     '0.2.6',
53 silly addNameRange     '0.2.7',
53 silly addNameRange     '0.2.8',
53 silly addNameRange     '0.2.9',
53 silly addNameRange     '0.2.10',
53 silly addNameRange     '0.2.11',
53 silly addNameRange     '0.2.12',
53 silly addNameRange     '0.2.13',
53 silly addNameRange     '0.2.14',
53 silly addNameRange     '0.2.15',
53 silly addNameRange     '0.2.16',
53 silly addNameRange     '0.2.17',
53 silly addNameRange     '0.2.18',
53 silly addNameRange     '0.2.19',
53 silly addNameRange     '0.3.0',
53 silly addNameRange     '0.3.1',
53 silly addNameRange     '0.3.2',
53 silly addNameRange     '0.3.3',
53 silly addNameRange     '0.3.4',
53 silly addNameRange     '0.4.0',
53 silly addNameRange     '0.4.1',
53 silly addNameRange     '0.4.2',
53 silly addNameRange     '0.5.0',
53 silly addNameRange     '0.5.1',
53 silly addNameRange     '0.5.2',
53 silly addNameRange     '0.5.3',
53 silly addNameRange     '0.5.4',
53 silly addNameRange     '0.5.5',
53 silly addNameRange     '0.5.6',
53 silly addNameRange     '0.5.7',
53 silly addNameRange     '0.6.0',
53 silly addNameRange     '0.6.1',
53 silly addNameRange     '0.6.2',
53 silly addNameRange     '0.6.3',
53 silly addNameRange     '0.6.4',
53 silly addNameRange     '0.6.5',
53 silly addNameRange     '0.7.0',
53 silly addNameRange     '0.8.0',
53 silly addNameRange     '0.8.1',
53 silly addNameRange     '0.8.2',
53 silly addNameRange     '0.8.3',
53 silly addNameRange     '0.8.4',
53 silly addNameRange     '0.8.5',
53 silly addNameRange     '0.8.6',
53 silly addNameRange     '0.8.7',
53 silly addNameRange     '0.8.8',
53 silly addNameRange     '0.8.9',
53 silly addNameRange     '0.8.10',
53 silly addNameRange     '0.8.11',
53 silly addNameRange     '0.9.0',
53 silly addNameRange     '0.10.0',
53 silly addNameRange     '0.10.1',
53 silly addNameRange     '0.10.2',
53 silly addNameRange     '0.10.3',
53 silly addNameRange     '0.10.4',
53 silly addNameRange     '0.10.5',
53 silly addNameRange     '0.10.6',
53 silly addNameRange     '0.11.0',
53 silly addNameRange     '0.11.1',
53 silly addNameRange     '1.0.0-pre.1',
53 silly addNameRange     '1.0.0-pre.3',
53 silly addNameRange     '1.0.0-pre.4',
53 silly addNameRange     '1.0.0-pre.5',
53 silly addNameRange     '1.0.0-pre.6',
53 silly addNameRange     '1.0.0-pre.7',
53 silly addNameRange     '1.0.0',
53 silly addNameRange     '1.0.1',
53 silly addNameRange     '1.0.2',
53 silly addNameRange     '1.0.3',
53 silly addNameRange     '1.1.0',
53 silly addNameRange     '1.2.0',
53 silly addNameRange     '1.2.1',
53 silly addNameRange     '1.2.2',
53 silly addNameRange     ... 96 more items ] ]
54 silly addNamed jsdom@1.5.0
55 verbose addNamed "1.5.0" is a plain semver version for jsdom
56 silly cache afterAdd jsdom@1.5.0
57 verbose afterAdd /Users/kbrumer/.npm/jsdom/1.5.0/package/package.json not in flight; writing
58 verbose correctMkdir /Users/kbrumer/.npm correctMkdir not in flight; initializing
59 verbose afterAdd /Users/kbrumer/.npm/jsdom/1.5.0/package/package.json written
60 silly fetchNamedPackageData contextify
61 silly mapToRegistry name contextify
62 silly mapToRegistry using default registry
63 silly mapToRegistry registry https://registry.npmjs.org/
64 silly mapToRegistry data Result {
64 silly mapToRegistry   raw: 'contextify',
64 silly mapToRegistry   scope: null,
64 silly mapToRegistry   escapedName: 'contextify',
64 silly mapToRegistry   name: 'contextify',
64 silly mapToRegistry   rawSpec: '',
64 silly mapToRegistry   spec: 'latest',
64 silly mapToRegistry   type: 'tag' }
65 silly mapToRegistry uri https://registry.npmjs.org/contextify
66 verbose request uri https://registry.npmjs.org/contextify
67 verbose request no auth needed
68 info attempt registry request try #1 at 6:53:46 PM
69 verbose etag W/"5644b79b-942b"
70 verbose lastModified Thu, 12 Nov 2015 16:00:27 GMT
71 http request GET https://registry.npmjs.org/contextify
72 http 304 https://registry.npmjs.org/contextify
73 verbose headers { date: 'Wed, 31 May 2017 01:53:47 GMT',
73 verbose headers   via: '1.1 varnish',
73 verbose headers   'cache-control': 'max-age=300',
73 verbose headers   etag: 'W/"5644b79b-942b"',
73 verbose headers   age: '0',
73 verbose headers   connection: 'keep-alive',
73 verbose headers   'x-served-by': 'cache-sea1044-SEA',
73 verbose headers   'x-cache': 'HIT',
73 verbose headers   'x-cache-hits': '1',
73 verbose headers   'x-timer': 'S1496195628.750437,VS0,VE8',
73 verbose headers   vary: 'Accept-Encoding' }
74 silly get cb [ 304,
74 silly get   { date: 'Wed, 31 May 2017 01:53:47 GMT',
74 silly get     via: '1.1 varnish',
74 silly get     'cache-control': 'max-age=300',
74 silly get     etag: 'W/"5644b79b-942b"',
74 silly get     age: '0',
74 silly get     connection: 'keep-alive',
74 silly get     'x-served-by': 'cache-sea1044-SEA',
74 silly get     'x-cache': 'HIT',
74 silly get     'x-cache-hits': '1',
74 silly get     'x-timer': 'S1496195628.750437,VS0,VE8',
74 silly get     vary: 'Accept-Encoding' } ]
75 verbose etag https://registry.npmjs.org/contextify from cache
76 verbose get saving contextify to /Users/kbrumer/.npm/registry.npmjs.org/contextify/.cache.json
77 verbose correctMkdir /Users/kbrumer/.npm correctMkdir not in flight; initializing
78 silly resolveWithNewModule contextify@0.1.15 checking installable status
79 silly cache add args [ 'contextify@>= 0.1.9 < 0.2.0', null ]
80 verbose cache add spec contextify@>= 0.1.9 < 0.2.0
81 silly cache add parsed spec Result {
81 silly cache add   raw: 'contextify@>= 0.1.9 < 0.2.0',
81 silly cache add   scope: null,
81 silly cache add   escapedName: 'contextify',
81 silly cache add   name: 'contextify',
81 silly cache add   rawSpec: '>= 0.1.9 < 0.2.0',
81 silly cache add   spec: '>=0.1.9 <0.2.0',
81 silly cache add   type: 'range' }
82 silly addNamed contextify@>=0.1.9 <0.2.0
83 verbose addNamed ">=0.1.9 <0.2.0" is a valid semver range for contextify
84 silly addNameRange { name: 'contextify', range: '>=0.1.9 <0.2.0', hasData: false }
85 silly mapToRegistry name contextify
86 silly mapToRegistry using default registry
87 silly mapToRegistry registry https://registry.npmjs.org/
88 silly mapToRegistry data Result {
88 silly mapToRegistry   raw: 'contextify',
88 silly mapToRegistry   scope: null,
88 silly mapToRegistry   escapedName: 'contextify',
88 silly mapToRegistry   name: 'contextify',
88 silly mapToRegistry   rawSpec: '',
88 silly mapToRegistry   spec: 'latest',
88 silly mapToRegistry   type: 'tag' }
89 silly mapToRegistry uri https://registry.npmjs.org/contextify
90 verbose addNameRange registry:https://registry.npmjs.org/contextify not in flight; fetching
91 verbose get https://registry.npmjs.org/contextify not expired, no request
92 silly addNameRange number 2 { name: 'contextify', range: '>=0.1.9 <0.2.0', hasData: true }
93 silly addNameRange versions [ 'contextify',
93 silly addNameRange   [ '0.0.2',
93 silly addNameRange     '0.0.3',
93 silly addNameRange     '0.0.4',
93 silly addNameRange     '0.0.5',
93 silly addNameRange     '0.0.6',
93 silly addNameRange     '0.0.7',
93 silly addNameRange     '0.1.0',
93 silly addNameRange     '0.1.1',
93 silly addNameRange     '0.1.2',
93 silly addNameRange     '0.1.3',
93 silly addNameRange     '0.1.4',
93 silly addNameRange     '0.1.5',
93 silly addNameRange     '0.1.6',
93 silly addNameRange     '0.1.7',
93 silly addNameRange     '0.1.8',
93 silly addNameRange     '0.1.9',
93 silly addNameRange     '0.1.10',
93 silly addNameRange     '0.1.11',
93 silly addNameRange     '0.1.12',
93 silly addNameRange     '0.1.13',
93 silly addNameRange     '0.1.14',
93 silly addNameRange     '0.1.15' ] ]
94 silly addNamed contextify@0.1.15
95 verbose addNamed "0.1.15" is a plain semver version for contextify
96 silly cache afterAdd contextify@0.1.15
97 verbose afterAdd /Users/kbrumer/.npm/contextify/0.1.15/package/package.json not in flight; writing
98 verbose correctMkdir /Users/kbrumer/.npm correctMkdir not in flight; initializing
99 verbose afterAdd /Users/kbrumer/.npm/contextify/0.1.15/package/package.json written
100 silly fetchNamedPackageData bindings
101 silly mapToRegistry name bindings
102 silly mapToRegistry using default registry
103 silly mapToRegistry registry https://registry.npmjs.org/
104 silly mapToRegistry data Result {
104 silly mapToRegistry   raw: 'bindings',
104 silly mapToRegistry   scope: null,
104 silly mapToRegistry   escapedName: 'bindings',
104 silly mapToRegistry   name: 'bindings',
104 silly mapToRegistry   rawSpec: '',
104 silly mapToRegistry   spec: 'latest',
104 silly mapToRegistry   type: 'tag' }
105 silly mapToRegistry uri https://registry.npmjs.org/bindings
106 silly fetchNamedPackageData nan
107 silly mapToRegistry name nan
108 silly mapToRegistry using default registry
109 silly mapToRegistry registry https://registry.npmjs.org/
110 silly mapToRegistry data Result {
110 silly mapToRegistry   raw: 'nan',
110 silly mapToRegistry   scope: null,
110 silly mapToRegistry   escapedName: 'nan',
110 silly mapToRegistry   name: 'nan',
110 silly mapToRegistry   rawSpec: '',
110 silly mapToRegistry   spec: 'latest',
110 silly mapToRegistry   type: 'tag' }
111 silly mapToRegistry uri https://registry.npmjs.org/nan
112 verbose request uri https://registry.npmjs.org/bindings
113 verbose request no auth needed
114 info attempt registry request try #1 at 6:53:46 PM
115 verbose etag W/"59234f99-46bf"
116 verbose lastModified Mon, 22 May 2017 20:52:41 GMT
117 http request GET https://registry.npmjs.org/bindings
118 verbose request uri https://registry.npmjs.org/nan
119 verbose request no auth needed
120 info attempt registry request try #1 at 6:53:46 PM
121 verbose etag W/"592dd793-1f9e7"
122 verbose lastModified Tue, 30 May 2017 20:35:31 GMT
123 http request GET https://registry.npmjs.org/nan
124 http 304 https://registry.npmjs.org/bindings
125 verbose headers { date: 'Wed, 31 May 2017 01:53:47 GMT',
125 verbose headers   via: '1.1 varnish',
125 verbose headers   'cache-control': 'max-age=300',
125 verbose headers   etag: 'W/"59234f99-46bf"',
125 verbose headers   age: '48',
125 verbose headers   connection: 'keep-alive',
125 verbose headers   'x-served-by': 'cache-sea1044-SEA',
125 verbose headers   'x-cache': 'HIT',
125 verbose headers   'x-cache-hits': '1',
125 verbose headers   'x-timer': 'S1496195628.788412,VS0,VE0',
125 verbose headers   vary: 'Accept-Encoding' }
126 silly get cb [ 304,
126 silly get   { date: 'Wed, 31 May 2017 01:53:47 GMT',
126 silly get     via: '1.1 varnish',
126 silly get     'cache-control': 'max-age=300',
126 silly get     etag: 'W/"59234f99-46bf"',
126 silly get     age: '48',
126 silly get     connection: 'keep-alive',
126 silly get     'x-served-by': 'cache-sea1044-SEA',
126 silly get     'x-cache': 'HIT',
126 silly get     'x-cache-hits': '1',
126 silly get     'x-timer': 'S1496195628.788412,VS0,VE0',
126 silly get     vary: 'Accept-Encoding' } ]
127 verbose etag https://registry.npmjs.org/bindings from cache
128 verbose get saving bindings to /Users/kbrumer/.npm/registry.npmjs.org/bindings/.cache.json
129 verbose correctMkdir /Users/kbrumer/.npm correctMkdir not in flight; initializing
130 silly resolveWithNewModule bindings@1.2.1 checking installable status
131 silly cache add args [ 'bindings@^1.2.1', null ]
132 verbose cache add spec bindings@^1.2.1
133 silly cache add parsed spec Result {
133 silly cache add   raw: 'bindings@^1.2.1',
133 silly cache add   scope: null,
133 silly cache add   escapedName: 'bindings',
133 silly cache add   name: 'bindings',
133 silly cache add   rawSpec: '^1.2.1',
133 silly cache add   spec: '>=1.2.1 <2.0.0',
133 silly cache add   type: 'range' }
134 silly addNamed bindings@>=1.2.1 <2.0.0
135 verbose addNamed ">=1.2.1 <2.0.0" is a valid semver range for bindings
136 silly addNameRange { name: 'bindings', range: '>=1.2.1 <2.0.0', hasData: false }
137 silly mapToRegistry name bindings
138 silly mapToRegistry using default registry
139 silly mapToRegistry registry https://registry.npmjs.org/
140 silly mapToRegistry data Result {
140 silly mapToRegistry   raw: 'bindings',
140 silly mapToRegistry   scope: null,
140 silly mapToRegistry   escapedName: 'bindings',
140 silly mapToRegistry   name: 'bindings',
140 silly mapToRegistry   rawSpec: '',
140 silly mapToRegistry   spec: 'latest',
140 silly mapToRegistry   type: 'tag' }
141 silly mapToRegistry uri https://registry.npmjs.org/bindings
142 verbose addNameRange registry:https://registry.npmjs.org/bindings not in flight; fetching
143 verbose get https://registry.npmjs.org/bindings not expired, no request
144 silly addNameRange number 2 { name: 'bindings', range: '>=1.2.1 <2.0.0', hasData: true }
145 silly addNameRange versions [ 'bindings',
145 silly addNameRange   [ '0.0.1',
145 silly addNameRange     '0.1.0',
145 silly addNameRange     '0.1.1',
145 silly addNameRange     '0.2.0',
145 silly addNameRange     '0.2.1',
145 silly addNameRange     '0.2.2',
145 silly addNameRange     '0.2.3',
145 silly addNameRange     '0.2.4',
145 silly addNameRange     '0.3.0',
145 silly addNameRange     '0.4.0',
145 silly addNameRange     '1.0.0',
145 silly addNameRange     '1.1.0',
145 silly addNameRange     '1.1.1',
145 silly addNameRange     '1.2.0',
145 silly addNameRange     '1.2.1' ] ]
146 silly addNamed bindings@1.2.1
147 verbose addNamed "1.2.1" is a plain semver version for bindings
148 silly cache afterAdd bindings@1.2.1
149 verbose afterAdd /Users/kbrumer/.npm/bindings/1.2.1/package/package.json not in flight; writing
150 verbose correctMkdir /Users/kbrumer/.npm correctMkdir not in flight; initializing
151 verbose afterAdd /Users/kbrumer/.npm/bindings/1.2.1/package/package.json written
152 http 200 https://registry.npmjs.org/nan
153 verbose headers { server: 'nginx/1.10.1',
153 verbose headers   'content-type': 'application/json',
153 verbose headers   'last-modified': 'Tue, 30 May 2017 23:09:03 GMT',
153 verbose headers   etag: 'W/"592dfb8f-1f9f8"',
153 verbose headers   'content-encoding': 'gzip',
153 verbose headers   'cache-control': 'max-age=300',
153 verbose headers   'content-length': '15239',
153 verbose headers   'accept-ranges': 'bytes',
153 verbose headers   date: 'Wed, 31 May 2017 01:53:47 GMT',
153 verbose headers   via: '1.1 varnish',
153 verbose headers   age: '219',
153 verbose headers   connection: 'keep-alive',
153 verbose headers   'x-served-by': 'cache-sea1025-SEA',
153 verbose headers   'x-cache': 'HIT',
153 verbose headers   'x-cache-hits': '5',
153 verbose headers   'x-timer': 'S1496195628.812073,VS0,VE0',
153 verbose headers   vary: 'Accept-Encoding' }
154 silly get cb [ 200,
154 silly get   { server: 'nginx/1.10.1',
154 silly get     'content-type': 'application/json',
154 silly get     'last-modified': 'Tue, 30 May 2017 23:09:03 GMT',
154 silly get     etag: 'W/"592dfb8f-1f9f8"',
154 silly get     'content-encoding': 'gzip',
154 silly get     'cache-control': 'max-age=300',
154 silly get     'content-length': '15239',
154 silly get     'accept-ranges': 'bytes',
154 silly get     date: 'Wed, 31 May 2017 01:53:47 GMT',
154 silly get     via: '1.1 varnish',
154 silly get     age: '219',
154 silly get     connection: 'keep-alive',
154 silly get     'x-served-by': 'cache-sea1025-SEA',
154 silly get     'x-cache': 'HIT',
154 silly get     'x-cache-hits': '5',
154 silly get     'x-timer': 'S1496195628.812073,VS0,VE0',
154 silly get     vary: 'Accept-Encoding' } ]
155 verbose get saving nan to /Users/kbrumer/.npm/registry.npmjs.org/nan/.cache.json
156 verbose correctMkdir /Users/kbrumer/.npm correctMkdir not in flight; initializing
157 silly resolveWithNewModule nan@2.6.2 checking installable status
158 silly cache add args [ 'nan@^2.1.0', null ]
159 verbose cache add spec nan@^2.1.0
160 silly cache add parsed spec Result {
160 silly cache add   raw: 'nan@^2.1.0',
160 silly cache add   scope: null,
160 silly cache add   escapedName: 'nan',
160 silly cache add   name: 'nan',
160 silly cache add   rawSpec: '^2.1.0',
160 silly cache add   spec: '>=2.1.0 <3.0.0',
160 silly cache add   type: 'range' }
161 silly addNamed nan@>=2.1.0 <3.0.0
162 verbose addNamed ">=2.1.0 <3.0.0" is a valid semver range for nan
163 silly addNameRange { name: 'nan', range: '>=2.1.0 <3.0.0', hasData: false }
164 silly mapToRegistry name nan
165 silly mapToRegistry using default registry
166 silly mapToRegistry registry https://registry.npmjs.org/
167 silly mapToRegistry data Result {
167 silly mapToRegistry   raw: 'nan',
167 silly mapToRegistry   scope: null,
167 silly mapToRegistry   escapedName: 'nan',
167 silly mapToRegistry   name: 'nan',
167 silly mapToRegistry   rawSpec: '',
167 silly mapToRegistry   spec: 'latest',
167 silly mapToRegistry   type: 'tag' }
168 silly mapToRegistry uri https://registry.npmjs.org/nan
169 verbose addNameRange registry:https://registry.npmjs.org/nan not in flight; fetching
170 verbose get https://registry.npmjs.org/nan not expired, no request
171 silly addNameRange number 2 { name: 'nan', range: '>=2.1.0 <3.0.0', hasData: true }
172 silly addNameRange versions [ 'nan',
172 silly addNameRange   [ '0.3.0-wip',
172 silly addNameRange     '0.3.0-wip2',
172 silly addNameRange     '0.3.0',
172 silly addNameRange     '0.3.1',
172 silly addNameRange     '0.3.2',
172 silly addNameRange     '0.4.0',
172 silly addNameRange     '0.4.1',
172 silly addNameRange     '0.4.2',
172 silly addNameRange     '0.4.3',
172 silly addNameRange     '0.4.4',
172 silly addNameRange     '0.5.0',
172 silly addNameRange     '0.5.1',
172 silly addNameRange     '0.5.2',
172 silly addNameRange     '0.6.0',
172 silly addNameRange     '0.7.0',
172 silly addNameRange     '0.7.1',
172 silly addNameRange     '0.8.0',
172 silly addNameRange     '1.0.0',
172 silly addNameRange     '1.1.0',
172 silly addNameRange     '1.1.1',
172 silly addNameRange     '1.1.2',
172 silly addNameRange     '1.2.0',
172 silly addNameRange     '1.3.0',
172 silly addNameRange     '1.4.0',
172 silly addNameRange     '1.4.1',
172 silly addNameRange     '1.5.0',
172 silly addNameRange     '1.4.2',
172 silly addNameRange     '1.4.3',
172 silly addNameRange     '1.5.1',
172 silly addNameRange     '1.5.2',
172 silly addNameRange     '1.6.0',
172 silly addNameRange     '1.5.3',
172 silly addNameRange     '1.6.1',
172 silly addNameRange     '1.6.2',
172 silly addNameRange     '1.7.0',
172 silly addNameRange     '1.8.0',
172 silly addNameRange     '1.8.1',
172 silly addNameRange     '1.8.2',
172 silly addNameRange     '1.8.3',
172 silly addNameRange     '1.8.4',
172 silly addNameRange     '1.9.0',
172 silly addNameRange     '2.0.0',
172 silly addNameRange     '2.0.1',
172 silly addNameRange     '2.0.2',
172 silly addNameRange     '2.0.3',
172 silly addNameRange     '2.0.4',
172 silly addNameRange     '2.0.5',
172 silly addNameRange     '2.0.6',
172 silly addNameRange     '2.0.7',
172 silly addNameRange     '2.0.8',
172 silly addNameRange     '2.0.9',
172 silly addNameRange     '2.1.0',
172 silly addNameRange     '2.2.0',
172 silly addNameRange     '2.2.1',
172 silly addNameRange     '2.3.0',
172 silly addNameRange     '2.3.1',
172 silly addNameRange     '2.3.2',
172 silly addNameRange     '2.3.3',
172 silly addNameRange     '2.3.4',
172 silly addNameRange     '2.3.5',
172 silly addNameRange     '2.4.0',
172 silly addNameRange     '2.5.0',
172 silly addNameRange     '2.5.1',
172 silly addNameRange     '2.6.0',
172 silly addNameRange     '2.6.1',
172 silly addNameRange     '2.6.2' ] ]
173 silly addNamed nan@2.6.2
174 verbose addNamed "2.6.2" is a plain semver version for nan
175 silly cache afterAdd nan@2.6.2
176 verbose afterAdd /Users/kbrumer/.npm/nan/2.6.2/package/package.json not in flight; writing
177 verbose correctMkdir /Users/kbrumer/.npm correctMkdir not in flight; initializing
178 verbose afterAdd /Users/kbrumer/.npm/nan/2.6.2/package/package.json written
179 silly loadAllDepsIntoIdealTree Finishing
180 silly loadIdealTree Finishing
181 silly currentTree page@1.7.1
181 silly currentTree ├── accepts@1.3.3
181 silly currentTree ├─┬ acorn-globals@1.0.9
181 silly currentTree │ └── acorn@2.7.0
181 silly currentTree ├── acorn@4.0.13
181 silly currentTree ├── align-text@0.1.4
181 silly currentTree ├── amdefine@1.0.1
181 silly currentTree ├── ansi-align@2.0.0
181 silly currentTree ├── ansi-regex@2.1.1
181 silly currentTree ├── ansi-styles@2.2.1
181 silly currentTree ├── any-promise@1.3.0
181 silly currentTree ├── argparse@1.0.9
181 silly currentTree ├─┬ args@2.6.1
181 silly currentTree │ └── camelcase@4.1.0
181 silly currentTree ├── array-flatten@1.1.1
181 silly currentTree ├── asap@1.0.0
181 silly currentTree ├── asn1.js@4.9.1
181 silly currentTree ├── asn1@0.2.3
181 silly currentTree ├── assert-plus@0.2.0
181 silly currentTree ├── assert@1.1.2
181 silly currentTree ├── assertion-error@1.0.0
181 silly currentTree ├── astw@2.2.0
181 silly currentTree ├── async-to-gen@1.3.2
181 silly currentTree ├── async@0.2.10
181 silly currentTree ├── asynckit@0.4.0
181 silly currentTree ├── aws-sign2@0.6.0
181 silly currentTree ├── aws4@1.6.0
181 silly currentTree ├── babylon@6.17.1
181 silly currentTree ├── balanced-match@0.4.2
181 silly currentTree ├── base64-js@0.0.7
181 silly currentTree ├── Base64@0.2.1
181 silly currentTree ├── basic-auth@1.1.0
181 silly currentTree ├── bcrypt-pbkdf@1.0.1
181 silly currentTree ├── bluebird@3.5.0
181 silly currentTree ├── bn.js@4.11.6
181 silly currentTree ├── boom@2.10.1
181 silly currentTree ├─┬ boxen@1.1.0
181 silly currentTree │ └── camelcase@4.1.0
181 silly currentTree ├── brace-expansion@1.1.7
181 silly currentTree ├── brorand@1.1.0
181 silly currentTree ├─┬ browser-pack@3.2.0
181 silly currentTree │ ├── readable-stream@1.0.34
181 silly currentTree │ └── through2@0.5.1
181 silly currentTree ├── browser-request@0.3.3
181 silly currentTree ├─┬ browser-resolve@1.11.2
181 silly currentTree │ └── resolve@1.1.7
181 silly currentTree ├── browserify-aes@1.0.6
181 silly currentTree ├── browserify-cipher@1.0.0
181 silly currentTree ├── browserify-des@1.0.0
181 silly currentTree ├── browserify-rsa@4.0.1
181 silly currentTree ├── browserify-sign@4.0.4
181 silly currentTree ├── browserify-zlib@0.1.4
181 silly currentTree ├── browserify@6.3.4
181 silly currentTree ├── buffer-shims@1.0.0
181 silly currentTree ├── buffer-xor@1.0.3
181 silly currentTree ├── buffer@2.8.2
181 silly currentTree ├── builtins@0.0.7
181 silly currentTree ├── bytes@2.4.0
181 silly currentTree ├── callsite@1.0.0
181 silly currentTree ├── camelcase@1.2.1
181 silly currentTree ├── capture-stack-trace@1.0.0
181 silly currentTree ├── caseless@0.11.0
181 silly currentTree ├── center-align@0.1.3
181 silly currentTree ├── chai@1.10.0
181 silly currentTree ├── chalk@1.1.3
181 silly currentTree ├── character-parser@1.2.1
181 silly currentTree ├── cipher-base@1.0.3
181 silly currentTree ├─┬ clean-css@3.4.26
181 silly currentTree │ ├── commander@2.8.1
181 silly currentTree │ └── source-map@0.4.4
181 silly currentTree ├── cli-boxes@1.0.0
181 silly currentTree ├─┬ cli@1.0.1
181 silly currentTree │ ├── glob@7.1.2
181 silly currentTree │ └── minimatch@3.0.4
181 silly currentTree ├─┬ clipboardy@1.1.1
181 silly currentTree │ ├── execa@0.6.3
181 silly currentTree │ ├── npm-run-path@2.0.2
181 silly currentTree │ └── path-key@2.0.1
181 silly currentTree ├─┬ cliui@2.1.0
181 silly currentTree │ └── wordwrap@0.0.2
181 silly currentTree ├── code-point-at@1.1.0
181 silly currentTree ├── coffee-script@1.12.6
181 silly currentTree ├── combine-source-map@0.3.0
181 silly currentTree ├── combined-stream@1.0.5
181 silly currentTree ├── commander@2.9.0
181 silly currentTree ├── commondir@0.0.1
181 silly currentTree ├── compressible@2.0.10
181 silly currentTree ├─┬ compression@1.6.2
181 silly currentTree │ ├── bytes@2.3.0
181 silly currentTree │ ├── debug@2.2.0
181 silly currentTree │ └── ms@0.7.1
181 silly currentTree ├── concat-map@0.0.1
181 silly currentTree ├── concat-stream@1.4.10
181 silly currentTree ├── configstore@3.1.0
181 silly currentTree ├── console-browserify@1.1.0
181 silly currentTree ├─┬ constantinople@3.0.2
181 silly currentTree │ └── acorn@2.7.0
181 silly currentTree ├── constants-browserify@0.0.1
181 silly currentTree ├── content-disposition@0.5.2
181 silly currentTree ├── content-type@1.0.2
181 silly currentTree ├── convert-source-map@0.3.5
181 silly currentTree ├── cookie-signature@1.0.6
181 silly currentTree ├── cookie@0.3.1
181 silly currentTree ├── core-util-is@1.0.2
181 silly currentTree ├── coveralls@2.13.1
181 silly currentTree ├── create-ecdh@4.0.0
181 silly currentTree ├── create-error-class@3.0.2
181 silly currentTree ├── create-hash@1.1.3
181 silly currentTree ├── create-hmac@1.1.6
181 silly currentTree ├─┬ cross-spawn-async@2.2.5
181 silly currentTree │ └── lru-cache@4.0.2
181 silly currentTree ├─┬ cross-spawn@5.1.0
181 silly currentTree │ └── lru-cache@4.0.2
181 silly currentTree ├── cryptiles@2.0.5
181 silly currentTree ├── crypto-browserify@3.11.0
181 silly currentTree ├── crypto-random-string@1.0.0
181 silly currentTree ├── css-parse@1.0.4
181 silly currentTree ├── css-stringify@1.0.5
181 silly currentTree ├── css@1.0.8
181 silly currentTree ├── cssom@0.3.2
181 silly currentTree ├── cssstyle@0.2.37
181 silly currentTree ├── dargs@5.1.0
181 silly currentTree ├─┬ dashdash@1.14.1
181 silly currentTree │ └── assert-plus@1.0.0
181 silly currentTree ├── date-now@0.1.4
181 silly currentTree ├── debug@2.6.7
181 silly currentTree ├── decamelize@1.2.0
181 silly currentTree ├── deep-eql@0.1.3
181 silly currentTree ├── deep-equal@0.2.2
181 silly currentTree ├── deep-extend@0.4.2
181 silly currentTree ├── defined@0.0.0
181 silly currentTree ├── delayed-stream@1.0.0
181 silly currentTree ├── depd@1.1.0
181 silly currentTree ├─┬ deps-sort@1.3.9
181 silly currentTree │ ├── jsonparse@1.3.1
181 silly currentTree │ └── JSONStream@1.3.1
181 silly currentTree ├── des.js@1.0.0
181 silly currentTree ├── destroy@1.0.4
181 silly currentTree ├── detect-port@1.1.1
181 silly currentTree ├─┬ detective@4.5.0
181 silly currentTree │ └── defined@1.0.0
181 silly currentTree ├── diff@1.4.0
181 silly currentTree ├── diffie-hellman@5.0.2
181 silly currentTree ├─┬ dom-serializer@0.1.0
181 silly currentTree │ └── domelementtype@1.1.3
181 silly currentTree ├── domain-browser@1.1.7
181 silly currentTree ├── domelementtype@1.3.0
181 silly currentTree ├── domhandler@2.4.1
181 silly currentTree ├── domutils@1.6.2
181 silly currentTree ├── dot-prop@4.1.1
181 silly currentTree ├── duplexer2@0.0.2
181 silly currentTree ├── duplexer3@0.1.4
181 silly currentTree ├── ecc-jsbn@0.1.1
181 silly currentTree ├── ee-first@1.1.1
181 silly currentTree ├── ejs@1.0.0
181 silly currentTree ├── elliptic@6.4.0
181 silly currentTree ├── encodeurl@1.0.1
181 silly currentTree ├── entities@1.1.1
181 silly currentTree ├── escape-html@1.0.3
181 silly currentTree ├── escape-string-regexp@1.0.5
181 silly currentTree ├── esprima@2.7.3
181 silly currentTree ├── etag@1.8.0
181 silly currentTree ├── events@1.0.2
181 silly currentTree ├── evp_bytestokey@1.0.0
181 silly currentTree ├── execa@0.4.0
181 silly currentTree ├── exit@0.1.2
181 silly currentTree ├─┬ express@4.15.3
181 silly currentTree │ ├── path-to-regexp@0.1.7
181 silly currentTree │ └── qs@6.4.0
181 silly currentTree ├── extend@3.0.1
181 silly currentTree ├── extsprintf@1.0.2
181 silly currentTree ├── filesize@3.5.9
181 silly currentTree ├── finalhandler@1.0.3
181 silly currentTree ├── forever-agent@0.6.1
181 silly currentTree ├── form-data@2.1.4
181 silly currentTree ├── forwarded@0.1.0
181 silly currentTree ├── fresh@0.5.0
181 silly currentTree ├── fs-extra@2.1.2
181 silly currentTree ├── fs-promise@2.0.3
181 silly currentTree ├── fs.realpath@1.0.0
181 silly currentTree ├── generate-function@2.0.0
181 silly currentTree ├── generate-object-property@1.2.0
181 silly currentTree ├── get-port@3.1.0
181 silly currentTree ├── get-stream@3.0.0
181 silly currentTree ├─┬ getpass@0.1.7
181 silly currentTree │ └── assert-plus@1.0.0
181 silly currentTree ├── glob@4.5.3
181 silly currentTree ├── got@6.7.1
181 silly currentTree ├── graceful-fs@4.1.11
181 silly currentTree ├── graceful-readlink@1.0.1
181 silly currentTree ├── growl@1.9.2
181 silly currentTree ├─┬ handlebars@4.0.8
181 silly currentTree │ ├── async@1.5.2
181 silly currentTree │ ├── minimist@0.0.10
181 silly currentTree │ ├── optimist@0.6.1
181 silly currentTree │ ├── source-map@0.4.4
181 silly currentTree │ ├─┬ uglify-js@2.8.27
181 silly currentTree │ │ └── source-map@0.5.6
181 silly currentTree │ └── yargs@3.10.0
181 silly currentTree ├── har-validator@2.0.6
181 silly currentTree ├── has-ansi@2.0.0
181 silly currentTree ├── hash-base@2.0.2
181 silly currentTree ├── hash.js@1.0.3
181 silly currentTree ├── hawk@3.1.3
181 silly currentTree ├── hmac-drbg@1.0.1
181 silly currentTree ├── hoek@2.16.3
181 silly currentTree ├─┬ htmlparser2@3.9.2
181 silly currentTree │ ├── isarray@1.0.0
181 silly currentTree │ ├── readable-stream@2.2.9
181 silly currentTree │ └── string_decoder@1.0.1
181 silly currentTree ├── http-browserify@1.7.0
181 silly currentTree ├── http-errors@1.6.1
181 silly currentTree ├── http-signature@1.1.1
181 silly currentTree ├── https-browserify@0.0.1
181 silly currentTree ├── iconv-lite@0.4.15
181 silly currentTree ├── ieee754@1.1.8
181 silly currentTree ├── imurmurhash@0.1.4
181 silly currentTree ├── indexof@0.0.1
181 silly currentTree ├── inflight@1.0.6
181 silly currentTree ├── inherits@2.0.3
181 silly currentTree ├── ini@1.3.4
181 silly currentTree ├─┬ inline-source-map@0.3.1
181 silly currentTree │ └── source-map@0.3.0
181 silly currentTree ├─┬ insert-module-globals@6.6.3
181 silly currentTree │ ├── combine-source-map@0.6.1
181 silly currentTree │ ├── convert-source-map@1.1.3
181 silly currentTree │ ├── inline-source-map@0.5.0
181 silly currentTree │ ├── jsonparse@1.3.1
181 silly currentTree │ ├── JSONStream@1.3.1
181 silly currentTree │ ├── process@0.11.10
181 silly currentTree │ ├── source-map@0.4.4
181 silly currentTree │ └── xtend@4.0.1
181 silly currentTree ├── ip@1.1.5
181 silly currentTree ├── ipaddr.js@1.3.0
181 silly currentTree ├── is-array@1.0.1
181 silly currentTree ├── is-async-supported@1.2.0
181 silly currentTree ├── is-buffer@1.1.5
181 silly currentTree ├── is-fullwidth-code-point@2.0.0
181 silly currentTree ├─┬ is-my-json-valid@2.16.0
181 silly currentTree │ └── xtend@4.0.1
181 silly currentTree ├── is-npm@1.0.0
181 silly currentTree ├── is-obj@1.0.1
181 silly currentTree ├── is-promise@2.1.0
181 silly currentTree ├── is-property@1.0.2
181 silly currentTree ├── is-redirect@1.0.0
181 silly currentTree ├── is-retry-allowed@1.1.0
181 silly currentTree ├── is-stream@1.1.0
181 silly currentTree ├── is-typedarray@1.0.0
181 silly currentTree ├── isarray@0.0.1
181 silly currentTree ├── isexe@2.0.0
181 silly currentTree ├── isstream@0.1.2
181 silly currentTree ├─┬ jade@1.11.0
181 silly currentTree │ └── commander@2.6.0
181 silly currentTree ├── jodid25519@1.0.2
181 silly currentTree ├── js-yaml@3.6.1
181 silly currentTree ├── jsbn@0.1.1
181 silly currentTree ├─┬ jscoverage@0.5.9
181 silly currentTree │ ├── debug@1.0.3
181 silly currentTree │ ├── ms@0.6.2
181 silly currentTree │ ├── optimist@0.3.1
181 silly currentTree │ ├── source-map@0.1.34
181 silly currentTree │ └─┬ uglify-js@2.4.15
181 silly currentTree │   └── optimist@0.3.7
181 silly currentTree ├─┬ jshint@2.9.4
181 silly currentTree │ ├── domhandler@2.3.0
181 silly currentTree │ ├── domutils@1.5.1
181 silly currentTree │ ├── entities@1.0.0
181 silly currentTree │ ├── htmlparser2@3.8.3
181 silly currentTree │ └── minimatch@3.0.4
181 silly currentTree ├── json-schema@0.2.3
181 silly currentTree ├── json-stable-stringify@0.0.1
181 silly currentTree ├── json-stringify-safe@5.0.1
181 silly currentTree ├── jsonfile@2.4.0
181 silly currentTree ├── jsonify@0.0.0
181 silly currentTree ├── jsonparse@0.0.5
181 silly currentTree ├── jsonpointer@4.0.1
181 silly currentTree ├── JSONStream@0.8.4
181 silly currentTree ├─┬ jsprim@1.4.0
181 silly currentTree │ └── assert-plus@1.0.0
181 silly currentTree ├── jstransformer@0.0.2
181 silly currentTree ├── kind-of@3.2.2
181 silly currentTree ├── labeled-stream-splicer@1.0.2
181 silly currentTree ├── latest-version@3.1.0
181 silly currentTree ├── lazy-cache@1.0.4
181 silly currentTree ├── lazy-req@2.0.0
181 silly currentTree ├── lcov-parse@0.0.10
181 silly currentTree ├── lexical-scope@1.2.0
181 silly currentTree ├── lodash.memoize@3.0.4
181 silly currentTree ├── lodash@3.7.0
181 silly currentTree ├── log-driver@1.2.5
181 silly currentTree ├── longest@1.0.1
181 silly currentTree ├── lowercase-keys@1.0.0
181 silly currentTree ├── lru-cache@2.7.3
181 silly currentTree ├── magic-string@0.19.1
181 silly currentTree ├── make-dir@1.0.0
181 silly currentTree ├── media-typer@0.3.0
181 silly currentTree ├── merge-descriptors@1.0.1
181 silly currentTree ├── methods@1.1.2
181 silly currentTree ├── micro-compress@1.0.0
181 silly currentTree ├─┬ micro@7.3.2
181 silly currentTree │ ├─┬ ansi-align@1.1.0
181 silly currentTree │ │ └── string-width@1.0.2
181 silly currentTree │ ├── args@2.6.0
181 silly currentTree │ ├── boxen@1.0.0
181 silly currentTree │ ├── camelcase@4.1.0
181 silly currentTree │ ├── clipboardy@1.1.0
181 silly currentTree │ ├── execa@0.6.3
181 silly currentTree │ ├── is-fullwidth-code-point@1.0.0
181 silly currentTree │ ├── npm-run-path@2.0.2
181 silly currentTree │ └── path-key@2.0.1
181 silly currentTree ├── miller-rabin@4.0.0
181 silly currentTree ├── mime-db@1.27.0
181 silly currentTree ├── mime-types@2.1.15
181 silly currentTree ├── mime@1.3.4
181 silly currentTree ├── minimalistic-assert@1.0.0
181 silly currentTree ├── minimalistic-crypto-utils@1.0.1
181 silly currentTree ├── minimatch@2.0.10
181 silly currentTree ├── minimist@1.2.0
181 silly currentTree ├─┬ mkdirp@0.5.1
181 silly currentTree │ └── minimist@0.0.8
181 silly currentTree ├── mocha-lcov-reporter@0.0.1
181 silly currentTree ├─┬ mocha@2.5.3
181 silly currentTree │ ├── commander@2.3.0
181 silly currentTree │ ├── debug@2.2.0
181 silly currentTree │ ├── escape-string-regexp@1.0.2
181 silly currentTree │ ├── glob@3.2.11
181 silly currentTree │ ├─┬ jade@0.26.3
181 silly currentTree │ │ ├── commander@0.6.1
181 silly currentTree │ │ └── mkdirp@0.3.0
181 silly currentTree │ ├── minimatch@0.3.0
181 silly currentTree │ ├── ms@0.7.1
181 silly currentTree │ └── supports-color@1.2.0
181 silly currentTree ├─┬ module-deps@3.9.1
181 silly currentTree │ ├── defined@1.0.0
181 silly currentTree │ ├── jsonparse@1.3.1
181 silly currentTree │ ├── JSONStream@1.3.1
181 silly currentTree │ ├── parents@1.0.1
181 silly currentTree │ ├── resolve@1.3.3
181 silly currentTree │ └── xtend@4.0.1
181 silly currentTree ├── ms@2.0.0
181 silly currentTree ├── mz@2.6.0
181 silly currentTree ├── negotiator@0.6.1
181 silly currentTree ├── node-version@1.0.0
181 silly currentTree ├── npm-run-path@1.0.0
181 silly currentTree ├── number-is-nan@1.0.1
181 silly currentTree ├── nwmatcher@1.4.0
181 silly currentTree ├── oauth-sign@0.8.2
181 silly currentTree ├── object-assign@4.1.1
181 silly currentTree ├── on-finished@2.3.0
181 silly currentTree ├── on-headers@1.0.1
181 silly currentTree ├── once@1.4.0
181 silly currentTree ├── optimist@0.3.7
181 silly currentTree ├── os-browserify@0.1.2
181 silly currentTree ├── p-finally@1.0.0
181 silly currentTree ├── package-json@4.0.1
181 silly currentTree ├── pako@0.2.9
181 silly currentTree ├─┬ parents@0.0.3
181 silly currentTree │ └── path-platform@0.0.1
181 silly currentTree ├── parse-asn1@5.1.0
181 silly currentTree ├── parse5@1.5.1
181 silly currentTree ├── parseurl@1.3.1
181 silly currentTree ├── path-browserify@0.0.0
181 silly currentTree ├── path-is-absolute@1.0.1
181 silly currentTree ├── path-key@1.0.0
181 silly currentTree ├── path-parse@1.0.5
181 silly currentTree ├── path-platform@0.11.15
181 silly currentTree ├── path-to-regexp@1.2.1
181 silly currentTree ├── path-type@2.0.0
181 silly currentTree ├── pbkdf2@3.0.12
181 silly currentTree ├── pify@2.3.0
181 silly currentTree ├── pinkie-promise@2.0.1
181 silly currentTree ├── pinkie@2.0.4
181 silly currentTree ├── pkginfo@0.4.0
181 silly currentTree ├── prepend-http@1.0.4
181 silly currentTree ├── process-nextick-args@1.0.7
181 silly currentTree ├── process@0.8.0
181 silly currentTree ├── promise@6.1.0
181 silly currentTree ├── proxy-addr@1.1.4
181 silly currentTree ├── pseudomap@1.0.2
181 silly currentTree ├── public-encrypt@4.0.0
181 silly currentTree ├── punycode@1.2.4
181 silly currentTree ├── qs@6.3.2
181 silly currentTree ├── querystring-es3@0.2.1
181 silly currentTree ├── querystring@0.2.0
181 silly currentTree ├── randombytes@2.0.3
181 silly currentTree ├── range-parser@1.2.0
181 silly currentTree ├── raw-body@2.2.0
181 silly currentTree ├─┬ rc@1.2.1
181 silly currentTree │ └── strip-json-comments@2.0.1
181 silly currentTree ├── readable-stream@1.1.14
181 silly currentTree ├── readable-wrap@1.0.0
181 silly currentTree ├── registry-auth-token@3.3.1
181 silly currentTree ├── registry-url@3.1.0
181 silly currentTree ├── repeat-string@1.6.1
181 silly currentTree ├── request@2.79.0
181 silly currentTree ├── resolve@0.7.4
181 silly currentTree ├─┬ rfile@1.0.0
181 silly currentTree │ └── resolve@0.3.1
181 silly currentTree ├── right-align@0.1.3
181 silly currentTree ├── ripemd160@2.0.1
181 silly currentTree ├─┬ ruglify@1.0.0
181 silly currentTree │ └── uglify-js@2.2.5
181 silly currentTree ├── safe-buffer@5.0.1
181 silly currentTree ├── semver-diff@2.1.0
181 silly currentTree ├── semver@5.3.0
181 silly currentTree ├── send@0.15.3
181 silly currentTree ├── serve-static@1.12.3
181 silly currentTree ├─┬ serve@5.1.5
181 silly currentTree │ ├─┬ debug@2.6.4
181 silly currentTree │ │ └── ms@0.7.3
181 silly currentTree │ ├── ms@1.0.0
181 silly currentTree │ └── send@0.15.2
181 silly currentTree ├── setprototypeof@1.0.3
181 silly currentTree ├── sha.js@2.4.8
181 silly currentTree ├── shallow-copy@0.0.1
181 silly currentTree ├── shasum@1.0.2
181 silly currentTree ├── shebang-command@1.2.0
181 silly currentTree ├── shebang-regex@1.0.0
181 silly currentTree ├── shell-quote@0.0.1
181 silly currentTree ├── shelljs@0.3.0
181 silly currentTree ├── should-equal@1.0.1
181 silly currentTree ├── should-format@3.0.3
181 silly currentTree ├── should-type-adaptors@1.0.1
181 silly currentTree ├── should-type@1.4.0
181 silly currentTree ├── should-util@1.0.0
181 silly currentTree ├── should@11.2.1
181 silly currentTree ├── sigmund@1.0.1
181 silly currentTree ├── signal-exit@3.0.2
181 silly currentTree ├── slide@1.1.6
181 silly currentTree ├── sntp@1.0.9
181 silly currentTree ├── source-map@0.1.43
181 silly currentTree ├── sprintf-js@1.0.3
181 silly currentTree ├─┬ sshpk@1.13.0
181 silly currentTree │ └── assert-plus@1.0.0
181 silly currentTree ├── statuses@1.3.1
181 silly currentTree ├── stream-browserify@1.0.0
181 silly currentTree ├─┬ stream-combiner2@1.0.2
181 silly currentTree │ ├── readable-stream@1.0.34
181 silly currentTree │ └── through2@0.5.1
181 silly currentTree ├── stream-splicer@1.3.2
181 silly currentTree ├── string_decoder@0.10.31
181 silly currentTree ├─┬ string-similarity@1.1.0
181 silly currentTree │ └── lodash@4.17.4
181 silly currentTree ├── string-width@2.0.0
181 silly currentTree ├── stringstream@0.0.5
181 silly currentTree ├── strip-ansi@3.0.1
181 silly currentTree ├── strip-eof@1.0.0
181 silly currentTree ├── strip-json-comments@1.0.4
181 silly currentTree ├── subarg@1.0.0
181 silly currentTree ├── supports-color@2.0.0
181 silly currentTree ├── syntax-error@1.3.0
181 silly currentTree ├── term-size@0.1.1
181 silly currentTree ├── thenify-all@1.6.0
181 silly currentTree ├── thenify@3.3.0
181 silly currentTree ├── through@2.3.8
181 silly currentTree ├─┬ through2@1.1.1
181 silly currentTree │ └── xtend@4.0.1
181 silly currentTree ├── timed-out@4.0.1
181 silly currentTree ├─┬ timers-browserify@1.4.2
181 silly currentTree │ └── process@0.11.10
181 silly currentTree ├── to-iso-string@0.0.2
181 silly currentTree ├─┬ tough-cookie@2.3.2
181 silly currentTree │ └── punycode@1.4.1
181 silly currentTree ├─┬ transformers@2.1.0
181 silly currentTree │ ├── is-promise@1.0.1
181 silly currentTree │ ├── promise@2.0.0
181 silly currentTree │ └── uglify-js@2.2.5
181 silly currentTree ├── tty-browserify@0.0.0
181 silly currentTree ├── tunnel-agent@0.4.3
181 silly currentTree ├── tweetnacl@0.14.5
181 silly currentTree ├── type-detect@0.1.1
181 silly currentTree ├── type-is@1.6.15
181 silly currentTree ├── typedarray@0.0.6
181 silly currentTree ├─┬ uglify-js@2.4.24
181 silly currentTree │ └── source-map@0.1.34
181 silly currentTree ├── uglify-to-browserify@1.0.2
181 silly currentTree ├── umd@2.1.0
181 silly currentTree ├── unique-string@1.0.0
181 silly currentTree ├── unpipe@1.0.0
181 silly currentTree ├── unzip-response@2.0.1
181 silly currentTree ├── update-notifier@2.1.0
181 silly currentTree ├── url-parse-lax@1.0.0
181 silly currentTree ├─┬ url@0.10.3
181 silly currentTree │ └── punycode@1.3.2
181 silly currentTree ├── util-deprecate@1.0.2
181 silly currentTree ├─┬ util@0.10.3
181 silly currentTree │ └── inherits@2.0.1
181 silly currentTree ├── utils-merge@1.0.0
181 silly currentTree ├── uuid@3.0.1
181 silly currentTree ├── vary@1.1.1
181 silly currentTree ├── verror@1.3.6
181 silly currentTree ├── vlq@0.2.2
181 silly currentTree ├── vm-browserify@0.0.4
181 silly currentTree ├── void-elements@2.0.1
181 silly currentTree ├── which@1.2.14
181 silly currentTree ├─┬ widest-line@1.0.0
181 silly currentTree │ ├── is-fullwidth-code-point@1.0.0
181 silly currentTree │ └── string-width@1.0.2
181 silly currentTree ├── window-size@0.1.0
181 silly currentTree ├─┬ with@4.0.3
181 silly currentTree │ └── acorn@1.2.2
181 silly currentTree ├── wordwrap@0.0.3
181 silly currentTree ├── wrappy@1.0.2
181 silly currentTree ├── write-file-atomic@2.1.0
181 silly currentTree ├── xdg-basedir@3.0.0
181 silly currentTree ├── xfs@0.1.8
181 silly currentTree ├── xmlhttprequest@1.8.0
181 silly currentTree ├── xtend@3.0.0
181 silly currentTree ├── yallist@2.1.2
181 silly currentTree └─┬ yargs@3.5.4
181 silly currentTree   └── wordwrap@0.0.2
182 silly idealTree page@1.7.1
182 silly idealTree ├── accepts@1.3.3
182 silly idealTree ├─┬ acorn-globals@1.0.9
182 silly idealTree │ └── acorn@2.7.0
182 silly idealTree ├── acorn@4.0.13
182 silly idealTree ├── align-text@0.1.4
182 silly idealTree ├── amdefine@1.0.1
182 silly idealTree ├── ansi-align@2.0.0
182 silly idealTree ├── ansi-regex@2.1.1
182 silly idealTree ├── ansi-styles@2.2.1
182 silly idealTree ├── any-promise@1.3.0
182 silly idealTree ├── argparse@1.0.9
182 silly idealTree ├─┬ args@2.6.1
182 silly idealTree │ └── camelcase@4.1.0
182 silly idealTree ├── array-flatten@1.1.1
182 silly idealTree ├── asap@1.0.0
182 silly idealTree ├── asn1.js@4.9.1
182 silly idealTree ├── asn1@0.2.3
182 silly idealTree ├── assert-plus@0.2.0
182 silly idealTree ├── assert@1.1.2
182 silly idealTree ├── assertion-error@1.0.0
182 silly idealTree ├── astw@2.2.0
182 silly idealTree ├── async-to-gen@1.3.2
182 silly idealTree ├── async@0.2.10
182 silly idealTree ├── asynckit@0.4.0
182 silly idealTree ├── aws-sign2@0.6.0
182 silly idealTree ├── aws4@1.6.0
182 silly idealTree ├── babylon@6.17.1
182 silly idealTree ├── balanced-match@0.4.2
182 silly idealTree ├── base64-js@0.0.7
182 silly idealTree ├── Base64@0.2.1
182 silly idealTree ├── basic-auth@1.1.0
182 silly idealTree ├── bcrypt-pbkdf@1.0.1
182 silly idealTree ├── bindings@1.2.1
182 silly idealTree ├── bluebird@3.5.0
182 silly idealTree ├── bn.js@4.11.6
182 silly idealTree ├── boom@2.10.1
182 silly idealTree ├─┬ boxen@1.1.0
182 silly idealTree │ └── camelcase@4.1.0
182 silly idealTree ├── brace-expansion@1.1.7
182 silly idealTree ├── brorand@1.1.0
182 silly idealTree ├─┬ browser-pack@3.2.0
182 silly idealTree │ ├── readable-stream@1.0.34
182 silly idealTree │ └── through2@0.5.1
182 silly idealTree ├── browser-request@0.3.3
182 silly idealTree ├─┬ browser-resolve@1.11.2
182 silly idealTree │ └── resolve@1.1.7
182 silly idealTree ├── browserify-aes@1.0.6
182 silly idealTree ├── browserify-cipher@1.0.0
182 silly idealTree ├── browserify-des@1.0.0
182 silly idealTree ├── browserify-rsa@4.0.1
182 silly idealTree ├── browserify-sign@4.0.4
182 silly idealTree ├── browserify-zlib@0.1.4
182 silly idealTree ├── browserify@6.3.4
182 silly idealTree ├── buffer-shims@1.0.0
182 silly idealTree ├── buffer-xor@1.0.3
182 silly idealTree ├── buffer@2.8.2
182 silly idealTree ├── builtins@0.0.7
182 silly idealTree ├── bytes@2.4.0
182 silly idealTree ├── callsite@1.0.0
182 silly idealTree ├── camelcase@1.2.1
182 silly idealTree ├── capture-stack-trace@1.0.0
182 silly idealTree ├── caseless@0.11.0
182 silly idealTree ├── center-align@0.1.3
182 silly idealTree ├── chai@1.10.0
182 silly idealTree ├── chalk@1.1.3
182 silly idealTree ├── character-parser@1.2.1
182 silly idealTree ├── cipher-base@1.0.3
182 silly idealTree ├─┬ clean-css@3.4.26
182 silly idealTree │ ├── commander@2.8.1
182 silly idealTree │ └── source-map@0.4.4
182 silly idealTree ├── cli-boxes@1.0.0
182 silly idealTree ├─┬ cli@1.0.1
182 silly idealTree │ ├── glob@7.1.2
182 silly idealTree │ └── minimatch@3.0.4
182 silly idealTree ├─┬ clipboardy@1.1.1
182 silly idealTree │ ├── execa@0.6.3
182 silly idealTree │ ├── npm-run-path@2.0.2
182 silly idealTree │ └── path-key@2.0.1
182 silly idealTree ├─┬ cliui@2.1.0
182 silly idealTree │ └── wordwrap@0.0.2
182 silly idealTree ├── code-point-at@1.1.0
182 silly idealTree ├── coffee-script@1.12.6
182 silly idealTree ├── combine-source-map@0.3.0
182 silly idealTree ├── combined-stream@1.0.5
182 silly idealTree ├── commander@2.9.0
182 silly idealTree ├── commondir@0.0.1
182 silly idealTree ├── compressible@2.0.10
182 silly idealTree ├─┬ compression@1.6.2
182 silly idealTree │ ├── bytes@2.3.0
182 silly idealTree │ ├── debug@2.2.0
182 silly idealTree │ └── ms@0.7.1
182 silly idealTree ├── concat-map@0.0.1
182 silly idealTree ├── concat-stream@1.4.10
182 silly idealTree ├── configstore@3.1.0
182 silly idealTree ├── console-browserify@1.1.0
182 silly idealTree ├─┬ constantinople@3.0.2
182 silly idealTree │ └── acorn@2.7.0
182 silly idealTree ├── constants-browserify@0.0.1
182 silly idealTree ├── content-disposition@0.5.2
182 silly idealTree ├── content-type@1.0.2
182 silly idealTree ├── contextify@0.1.15
182 silly idealTree ├── convert-source-map@0.3.5
182 silly idealTree ├── cookie-signature@1.0.6
182 silly idealTree ├── cookie@0.3.1
182 silly idealTree ├── core-util-is@1.0.2
182 silly idealTree ├── coveralls@2.13.1
182 silly idealTree ├── create-ecdh@4.0.0
182 silly idealTree ├── create-error-class@3.0.2
182 silly idealTree ├── create-hash@1.1.3
182 silly idealTree ├── create-hmac@1.1.6
182 silly idealTree ├─┬ cross-spawn-async@2.2.5
182 silly idealTree │ └── lru-cache@4.0.2
182 silly idealTree ├─┬ cross-spawn@5.1.0
182 silly idealTree │ └── lru-cache@4.0.2
182 silly idealTree ├── cryptiles@2.0.5
182 silly idealTree ├── crypto-browserify@3.11.0
182 silly idealTree ├── crypto-random-string@1.0.0
182 silly idealTree ├── css-parse@1.0.4
182 silly idealTree ├── css-stringify@1.0.5
182 silly idealTree ├── css@1.0.8
182 silly idealTree ├── cssom@0.3.2
182 silly idealTree ├── cssstyle@0.2.37
182 silly idealTree ├── dargs@5.1.0
182 silly idealTree ├─┬ dashdash@1.14.1
182 silly idealTree │ └── assert-plus@1.0.0
182 silly idealTree ├── date-now@0.1.4
182 silly idealTree ├── debug@2.6.7
182 silly idealTree ├── decamelize@1.2.0
182 silly idealTree ├── deep-eql@0.1.3
182 silly idealTree ├── deep-equal@0.2.2
182 silly idealTree ├── deep-extend@0.4.2
182 silly idealTree ├── defined@0.0.0
182 silly idealTree ├── delayed-stream@1.0.0
182 silly idealTree ├── depd@1.1.0
182 silly idealTree ├─┬ deps-sort@1.3.9
182 silly idealTree │ ├── jsonparse@1.3.1
182 silly idealTree │ └── JSONStream@1.3.1
182 silly idealTree ├── des.js@1.0.0
182 silly idealTree ├── destroy@1.0.4
182 silly idealTree ├── detect-port@1.1.1
182 silly idealTree ├─┬ detective@4.5.0
182 silly idealTree │ └── defined@1.0.0
182 silly idealTree ├── diff@1.4.0
182 silly idealTree ├── diffie-hellman@5.0.2
182 silly idealTree ├─┬ dom-serializer@0.1.0
182 silly idealTree │ └── domelementtype@1.1.3
182 silly idealTree ├── domain-browser@1.1.7
182 silly idealTree ├── domelementtype@1.3.0
182 silly idealTree ├── domhandler@2.4.1
182 silly idealTree ├── domutils@1.6.2
182 silly idealTree ├── dot-prop@4.1.1
182 silly idealTree ├── duplexer2@0.0.2
182 silly idealTree ├── duplexer3@0.1.4
182 silly idealTree ├── ecc-jsbn@0.1.1
182 silly idealTree ├── ee-first@1.1.1
182 silly idealTree ├── ejs@1.0.0
182 silly idealTree ├── elliptic@6.4.0
182 silly idealTree ├── encodeurl@1.0.1
182 silly idealTree ├── entities@1.1.1
182 silly idealTree ├── escape-html@1.0.3
182 silly idealTree ├── escape-string-regexp@1.0.5
182 silly idealTree ├── esprima@2.7.3
182 silly idealTree ├── etag@1.8.0
182 silly idealTree ├── events@1.0.2
182 silly idealTree ├── evp_bytestokey@1.0.0
182 silly idealTree ├── execa@0.4.0
182 silly idealTree ├── exit@0.1.2
182 silly idealTree ├─┬ express@4.15.3
182 silly idealTree │ ├── path-to-regexp@0.1.7
182 silly idealTree │ └── qs@6.4.0
182 silly idealTree ├── extend@3.0.1
182 silly idealTree ├── extsprintf@1.0.2
182 silly idealTree ├── filesize@3.5.9
182 silly idealTree ├── finalhandler@1.0.3
182 silly idealTree ├── forever-agent@0.6.1
182 silly idealTree ├── form-data@2.1.4
182 silly idealTree ├── forwarded@0.1.0
182 silly idealTree ├── fresh@0.5.0
182 silly idealTree ├── fs-extra@2.1.2
182 silly idealTree ├── fs-promise@2.0.3
182 silly idealTree ├── fs.realpath@1.0.0
182 silly idealTree ├── generate-function@2.0.0
182 silly idealTree ├── generate-object-property@1.2.0
182 silly idealTree ├── get-port@3.1.0
182 silly idealTree ├── get-stream@3.0.0
182 silly idealTree ├─┬ getpass@0.1.7
182 silly idealTree │ └── assert-plus@1.0.0
182 silly idealTree ├── glob@4.5.3
182 silly idealTree ├── got@6.7.1
182 silly idealTree ├── graceful-fs@4.1.11
182 silly idealTree ├── graceful-readlink@1.0.1
182 silly idealTree ├── growl@1.9.2
182 silly idealTree ├─┬ handlebars@4.0.8
182 silly idealTree │ ├── async@1.5.2
182 silly idealTree │ ├── minimist@0.0.10
182 silly idealTree │ ├── optimist@0.6.1
182 silly idealTree │ ├── source-map@0.4.4
182 silly idealTree │ ├─┬ uglify-js@2.8.27
182 silly idealTree │ │ └── source-map@0.5.6
182 silly idealTree │ └── yargs@3.10.0
182 silly idealTree ├── har-validator@2.0.6
182 silly idealTree ├── has-ansi@2.0.0
182 silly idealTree ├── hash-base@2.0.2
182 silly idealTree ├── hash.js@1.0.3
182 silly idealTree ├── hawk@3.1.3
182 silly idealTree ├── hmac-drbg@1.0.1
182 silly idealTree ├── hoek@2.16.3
182 silly idealTree ├─┬ htmlparser2@3.9.2
182 silly idealTree │ ├── isarray@1.0.0
182 silly idealTree │ ├── readable-stream@2.2.9
182 silly idealTree │ └── string_decoder@1.0.1
182 silly idealTree ├── http-browserify@1.7.0
182 silly idealTree ├── http-errors@1.6.1
182 silly idealTree ├── http-signature@1.1.1
182 silly idealTree ├── https-browserify@0.0.1
182 silly idealTree ├── iconv-lite@0.4.15
182 silly idealTree ├── ieee754@1.1.8
182 silly idealTree ├── imurmurhash@0.1.4
182 silly idealTree ├── indexof@0.0.1
182 silly idealTree ├── inflight@1.0.6
182 silly idealTree ├── inherits@2.0.3
182 silly idealTree ├── ini@1.3.4
182 silly idealTree ├─┬ inline-source-map@0.3.1
182 silly idealTree │ └── source-map@0.3.0
182 silly idealTree ├─┬ insert-module-globals@6.6.3
182 silly idealTree │ ├── combine-source-map@0.6.1
182 silly idealTree │ ├── convert-source-map@1.1.3
182 silly idealTree │ ├── inline-source-map@0.5.0
182 silly idealTree │ ├── jsonparse@1.3.1
182 silly idealTree │ ├── JSONStream@1.3.1
182 silly idealTree │ ├── process@0.11.10
182 silly idealTree │ ├── source-map@0.4.4
182 silly idealTree │ └── xtend@4.0.1
182 silly idealTree ├── ip@1.1.5
182 silly idealTree ├── ipaddr.js@1.3.0
182 silly idealTree ├── is-array@1.0.1
182 silly idealTree ├── is-async-supported@1.2.0
182 silly idealTree ├── is-buffer@1.1.5
182 silly idealTree ├── is-fullwidth-code-point@2.0.0
182 silly idealTree ├─┬ is-my-json-valid@2.16.0
182 silly idealTree │ └── xtend@4.0.1
182 silly idealTree ├── is-npm@1.0.0
182 silly idealTree ├── is-obj@1.0.1
182 silly idealTree ├── is-promise@2.1.0
182 silly idealTree ├── is-property@1.0.2
182 silly idealTree ├── is-redirect@1.0.0
182 silly idealTree ├── is-retry-allowed@1.1.0
182 silly idealTree ├── is-stream@1.1.0
182 silly idealTree ├── is-typedarray@1.0.0
182 silly idealTree ├── isarray@0.0.1
182 silly idealTree ├── isexe@2.0.0
182 silly idealTree ├── isstream@0.1.2
182 silly idealTree ├─┬ jade@1.11.0
182 silly idealTree │ └── commander@2.6.0
182 silly idealTree ├── jodid25519@1.0.2
182 silly idealTree ├── js-yaml@3.6.1
182 silly idealTree ├── jsbn@0.1.1
182 silly idealTree ├─┬ jscoverage@0.5.9
182 silly idealTree │ ├── debug@1.0.3
182 silly idealTree │ ├── ms@0.6.2
182 silly idealTree │ ├── optimist@0.3.1
182 silly idealTree │ ├── source-map@0.1.34
182 silly idealTree │ └─┬ uglify-js@2.4.15
182 silly idealTree │   └── optimist@0.3.7
182 silly idealTree ├── jsdom@1.5.0
182 silly idealTree ├─┬ jshint@2.9.4
182 silly idealTree │ ├── domhandler@2.3.0
182 silly idealTree │ ├── domutils@1.5.1
182 silly idealTree │ ├── entities@1.0.0
182 silly idealTree │ ├── htmlparser2@3.8.3
182 silly idealTree │ └── minimatch@3.0.4
182 silly idealTree ├── json-schema@0.2.3
182 silly idealTree ├── json-stable-stringify@0.0.1
182 silly idealTree ├── json-stringify-safe@5.0.1
182 silly idealTree ├── jsonfile@2.4.0
182 silly idealTree ├── jsonify@0.0.0
182 silly idealTree ├── jsonparse@0.0.5
182 silly idealTree ├── jsonpointer@4.0.1
182 silly idealTree ├── JSONStream@0.8.4
182 silly idealTree ├─┬ jsprim@1.4.0
182 silly idealTree │ └── assert-plus@1.0.0
182 silly idealTree ├── jstransformer@0.0.2
182 silly idealTree ├── kind-of@3.2.2
182 silly idealTree ├── labeled-stream-splicer@1.0.2
182 silly idealTree ├── latest-version@3.1.0
182 silly idealTree ├── lazy-cache@1.0.4
182 silly idealTree ├── lazy-req@2.0.0
182 silly idealTree ├── lcov-parse@0.0.10
182 silly idealTree ├── lexical-scope@1.2.0
182 silly idealTree ├── lodash.memoize@3.0.4
182 silly idealTree ├── lodash@3.7.0
182 silly idealTree ├── log-driver@1.2.5
182 silly idealTree ├── longest@1.0.1
182 silly idealTree ├── lowercase-keys@1.0.0
182 silly idealTree ├── lru-cache@2.7.3
182 silly idealTree ├── magic-string@0.19.1
182 silly idealTree ├── make-dir@1.0.0
182 silly idealTree ├── media-typer@0.3.0
182 silly idealTree ├── merge-descriptors@1.0.1
182 silly idealTree ├── methods@1.1.2
182 silly idealTree ├── micro-compress@1.0.0
182 silly idealTree ├─┬ micro@7.3.2
182 silly idealTree │ ├─┬ ansi-align@1.1.0
182 silly idealTree │ │ └── string-width@1.0.2
182 silly idealTree │ ├── args@2.6.0
182 silly idealTree │ ├── boxen@1.0.0
182 silly idealTree │ ├── camelcase@4.1.0
182 silly idealTree │ ├── clipboardy@1.1.0
182 silly idealTree │ ├── execa@0.6.3
182 silly idealTree │ ├── is-fullwidth-code-point@1.0.0
182 silly idealTree │ ├── npm-run-path@2.0.2
182 silly idealTree │ └── path-key@2.0.1
182 silly idealTree ├── miller-rabin@4.0.0
182 silly idealTree ├── mime-db@1.27.0
182 silly idealTree ├── mime-types@2.1.15
182 silly idealTree ├── mime@1.3.4
182 silly idealTree ├── minimalistic-assert@1.0.0
182 silly idealTree ├── minimalistic-crypto-utils@1.0.1
182 silly idealTree ├── minimatch@2.0.10
182 silly idealTree ├── minimist@1.2.0
182 silly idealTree ├─┬ mkdirp@0.5.1
182 silly idealTree │ └── minimist@0.0.8
182 silly idealTree ├── mocha-lcov-reporter@0.0.1
182 silly idealTree ├─┬ mocha@2.5.3
182 silly idealTree │ ├── commander@2.3.0
182 silly idealTree │ ├── debug@2.2.0
182 silly idealTree │ ├── escape-string-regexp@1.0.2
182 silly idealTree │ ├── glob@3.2.11
182 silly idealTree │ ├─┬ jade@0.26.3
182 silly idealTree │ │ ├── commander@0.6.1
182 silly idealTree │ │ └── mkdirp@0.3.0
182 silly idealTree │ ├── minimatch@0.3.0
182 silly idealTree │ ├── ms@0.7.1
182 silly idealTree │ └── supports-color@1.2.0
182 silly idealTree ├─┬ module-deps@3.9.1
182 silly idealTree │ ├── defined@1.0.0
182 silly idealTree │ ├── jsonparse@1.3.1
182 silly idealTree │ ├── JSONStream@1.3.1
182 silly idealTree │ ├── parents@1.0.1
182 silly idealTree │ ├── resolve@1.3.3
182 silly idealTree │ └── xtend@4.0.1
182 silly idealTree ├── ms@2.0.0
182 silly idealTree ├── mz@2.6.0
182 silly idealTree ├── nan@2.6.2
182 silly idealTree ├── negotiator@0.6.1
182 silly idealTree ├── node-version@1.0.0
182 silly idealTree ├── npm-run-path@1.0.0
182 silly idealTree ├── number-is-nan@1.0.1
182 silly idealTree ├── nwmatcher@1.4.0
182 silly idealTree ├── oauth-sign@0.8.2
182 silly idealTree ├── object-assign@4.1.1
182 silly idealTree ├── on-finished@2.3.0
182 silly idealTree ├── on-headers@1.0.1
182 silly idealTree ├── once@1.4.0
182 silly idealTree ├── optimist@0.3.7
182 silly idealTree ├── os-browserify@0.1.2
182 silly idealTree ├── p-finally@1.0.0
182 silly idealTree ├── package-json@4.0.1
182 silly idealTree ├── pako@0.2.9
182 silly idealTree ├─┬ parents@0.0.3
182 silly idealTree │ └── path-platform@0.0.1
182 silly idealTree ├── parse-asn1@5.1.0
182 silly idealTree ├── parse5@1.5.1
182 silly idealTree ├── parseurl@1.3.1
182 silly idealTree ├── path-browserify@0.0.0
182 silly idealTree ├── path-is-absolute@1.0.1
182 silly idealTree ├── path-key@1.0.0
182 silly idealTree ├── path-parse@1.0.5
182 silly idealTree ├── path-platform@0.11.15
182 silly idealTree ├── path-to-regexp@1.2.1
182 silly idealTree ├── path-type@2.0.0
182 silly idealTree ├── pbkdf2@3.0.12
182 silly idealTree ├── pify@2.3.0
182 silly idealTree ├── pinkie-promise@2.0.1
182 silly idealTree ├── pinkie@2.0.4
182 silly idealTree ├── pkginfo@0.4.0
182 silly idealTree ├── prepend-http@1.0.4
182 silly idealTree ├── process-nextick-args@1.0.7
182 silly idealTree ├── process@0.8.0
182 silly idealTree ├── promise@6.1.0
182 silly idealTree ├── proxy-addr@1.1.4
182 silly idealTree ├── pseudomap@1.0.2
182 silly idealTree ├── public-encrypt@4.0.0
182 silly idealTree ├── punycode@1.2.4
182 silly idealTree ├── qs@6.3.2
182 silly idealTree ├── querystring-es3@0.2.1
182 silly idealTree ├── querystring@0.2.0
182 silly idealTree ├── randombytes@2.0.3
182 silly idealTree ├── range-parser@1.2.0
182 silly idealTree ├── raw-body@2.2.0
182 silly idealTree ├─┬ rc@1.2.1
182 silly idealTree │ └── strip-json-comments@2.0.1
182 silly idealTree ├── readable-stream@1.1.14
182 silly idealTree ├── readable-wrap@1.0.0
182 silly idealTree ├── registry-auth-token@3.3.1
182 silly idealTree ├── registry-url@3.1.0
182 silly idealTree ├── repeat-string@1.6.1
182 silly idealTree ├── request@2.79.0
182 silly idealTree ├── resolve@0.7.4
182 silly idealTree ├─┬ rfile@1.0.0
182 silly idealTree │ └── resolve@0.3.1
182 silly idealTree ├── right-align@0.1.3
182 silly idealTree ├── ripemd160@2.0.1
182 silly idealTree ├─┬ ruglify@1.0.0
182 silly idealTree │ └── uglify-js@2.2.5
182 silly idealTree ├── safe-buffer@5.0.1
182 silly idealTree ├── semver-diff@2.1.0
182 silly idealTree ├── semver@5.3.0
182 silly idealTree ├── send@0.15.3
182 silly idealTree ├── serve-static@1.12.3
182 silly idealTree ├─┬ serve@5.1.5
182 silly idealTree │ ├─┬ debug@2.6.4
182 silly idealTree │ │ └── ms@0.7.3
182 silly idealTree │ ├── ms@1.0.0
182 silly idealTree │ └── send@0.15.2
182 silly idealTree ├── setprototypeof@1.0.3
182 silly idealTree ├── sha.js@2.4.8
182 silly idealTree ├── shallow-copy@0.0.1
182 silly idealTree ├── shasum@1.0.2
182 silly idealTree ├── shebang-command@1.2.0
182 silly idealTree ├── shebang-regex@1.0.0
182 silly idealTree ├── shell-quote@0.0.1
182 silly idealTree ├── shelljs@0.3.0
182 silly idealTree ├── should-equal@1.0.1
182 silly idealTree ├── should-format@3.0.3
182 silly idealTree ├── should-type-adaptors@1.0.1
182 silly idealTree ├── should-type@1.4.0
182 silly idealTree ├── should-util@1.0.0
182 silly idealTree ├── should@11.2.1
182 silly idealTree ├── sigmund@1.0.1
182 silly idealTree ├── signal-exit@3.0.2
182 silly idealTree ├── slide@1.1.6
182 silly idealTree ├── sntp@1.0.9
182 silly idealTree ├── source-map@0.1.43
182 silly idealTree ├── sprintf-js@1.0.3
182 silly idealTree ├─┬ sshpk@1.13.0
182 silly idealTree │ └── assert-plus@1.0.0
182 silly idealTree ├── statuses@1.3.1
182 silly idealTree ├── stream-browserify@1.0.0
182 silly idealTree ├─┬ stream-combiner2@1.0.2
182 silly idealTree │ ├── readable-stream@1.0.34
182 silly idealTree │ └── through2@0.5.1
182 silly idealTree ├── stream-splicer@1.3.2
182 silly idealTree ├── string_decoder@0.10.31
182 silly idealTree ├─┬ string-similarity@1.1.0
182 silly idealTree │ └── lodash@4.17.4
182 silly idealTree ├── string-width@2.0.0
182 silly idealTree ├── stringstream@0.0.5
182 silly idealTree ├── strip-ansi@3.0.1
182 silly idealTree ├── strip-eof@1.0.0
182 silly idealTree ├── strip-json-comments@1.0.4
182 silly idealTree ├── subarg@1.0.0
182 silly idealTree ├── supports-color@2.0.0
182 silly idealTree ├── syntax-error@1.3.0
182 silly idealTree ├── term-size@0.1.1
182 silly idealTree ├── thenify-all@1.6.0
182 silly idealTree ├── thenify@3.3.0
182 silly idealTree ├── through@2.3.8
182 silly idealTree ├─┬ through2@1.1.1
182 silly idealTree │ └── xtend@4.0.1
182 silly idealTree ├── timed-out@4.0.1
182 silly idealTree ├─┬ timers-browserify@1.4.2
182 silly idealTree │ └── process@0.11.10
182 silly idealTree ├── to-iso-string@0.0.2
182 silly idealTree ├─┬ tough-cookie@2.3.2
182 silly idealTree │ └── punycode@1.4.1
182 silly idealTree ├─┬ transformers@2.1.0
182 silly idealTree │ ├── is-promise@1.0.1
182 silly idealTree │ ├── promise@2.0.0
182 silly idealTree │ └── uglify-js@2.2.5
182 silly idealTree ├── tty-browserify@0.0.0
182 silly idealTree ├── tunnel-agent@0.4.3
182 silly idealTree ├── tweetnacl@0.14.5
182 silly idealTree ├── type-detect@0.1.1
182 silly idealTree ├── type-is@1.6.15
182 silly idealTree ├── typedarray@0.0.6
182 silly idealTree ├─┬ uglify-js@2.4.24
182 silly idealTree │ └── source-map@0.1.34
182 silly idealTree ├── uglify-to-browserify@1.0.2
182 silly idealTree ├── umd@2.1.0
182 silly idealTree ├── unique-string@1.0.0
182 silly idealTree ├── unpipe@1.0.0
182 silly idealTree ├── unzip-response@2.0.1
182 silly idealTree ├── update-notifier@2.1.0
182 silly idealTree ├── url-parse-lax@1.0.0
182 silly idealTree ├─┬ url@0.10.3
182 silly idealTree │ └── punycode@1.3.2
182 silly idealTree ├── util-deprecate@1.0.2
182 silly idealTree ├─┬ util@0.10.3
182 silly idealTree │ └── inherits@2.0.1
182 silly idealTree ├── utils-merge@1.0.0
182 silly idealTree ├── uuid@3.0.1
182 silly idealTree ├── vary@1.1.1
182 silly idealTree ├── verror@1.3.6
182 silly idealTree ├── vlq@0.2.2
182 silly idealTree ├── vm-browserify@0.0.4
182 silly idealTree ├── void-elements@2.0.1
182 silly idealTree ├── which@1.2.14
182 silly idealTree ├─┬ widest-line@1.0.0
182 silly idealTree │ ├── is-fullwidth-code-point@1.0.0
182 silly idealTree │ └── string-width@1.0.2
182 silly idealTree ├── window-size@0.1.0
182 silly idealTree ├─┬ with@4.0.3
182 silly idealTree │ └── acorn@1.2.2
182 silly idealTree ├── wordwrap@0.0.3
182 silly idealTree ├── wrappy@1.0.2
182 silly idealTree ├── write-file-atomic@2.1.0
182 silly idealTree ├── xdg-basedir@3.0.0
182 silly idealTree ├── xfs@0.1.8
182 silly idealTree ├── xmlhttprequest@1.8.0
182 silly idealTree ├── xtend@3.0.0
182 silly idealTree ├── yallist@2.1.2
182 silly idealTree └─┬ yargs@3.5.4
182 silly idealTree   └── wordwrap@0.0.2
183 silly generateActionsToTake Starting
184 silly install generateActionsToTake
185 silly generateActionsToTake Finishing
186 silly diffTrees action count 4
187 silly diffTrees add bindings@1.2.1
188 silly diffTrees add nan@2.6.2
189 silly diffTrees add contextify@0.1.15
190 silly diffTrees add jsdom@1.5.0
191 silly decomposeActions action count 32
192 silly decomposeActions fetch bindings@1.2.1
193 silly decomposeActions extract bindings@1.2.1
194 silly decomposeActions test bindings@1.2.1
195 silly decomposeActions preinstall bindings@1.2.1
196 silly decomposeActions build bindings@1.2.1
197 silly decomposeActions install bindings@1.2.1
198 silly decomposeActions postinstall bindings@1.2.1
199 silly decomposeActions finalize bindings@1.2.1
200 silly decomposeActions fetch nan@2.6.2
201 silly decomposeActions extract nan@2.6.2
202 silly decomposeActions test nan@2.6.2
203 silly decomposeActions preinstall nan@2.6.2
204 silly decomposeActions build nan@2.6.2
205 silly decomposeActions install nan@2.6.2
206 silly decomposeActions postinstall nan@2.6.2
207 silly decomposeActions finalize nan@2.6.2
208 silly decomposeActions fetch contextify@0.1.15
209 silly decomposeActions extract contextify@0.1.15
210 silly decomposeActions test contextify@0.1.15
211 silly decomposeActions preinstall contextify@0.1.15
212 silly decomposeActions build contextify@0.1.15
213 silly decomposeActions install contextify@0.1.15
214 silly decomposeActions postinstall contextify@0.1.15
215 silly decomposeActions finalize contextify@0.1.15
216 silly decomposeActions fetch jsdom@1.5.0
217 silly decomposeActions extract jsdom@1.5.0
218 silly decomposeActions test jsdom@1.5.0
219 silly decomposeActions preinstall jsdom@1.5.0
220 silly decomposeActions build jsdom@1.5.0
221 silly decomposeActions install jsdom@1.5.0
222 silly decomposeActions postinstall jsdom@1.5.0
223 silly decomposeActions finalize jsdom@1.5.0
224 silly runTopLevelLifecycles Starting
225 silly install runPreinstallTopLevelLifecycles
226 silly preinstall page@1.7.1 /Work/github.com/kbrumer/cfpdx-301-2017-lectures/lectures/14-middleware/demos/page.js/page-786abf70
227 info lifecycle page@1.7.1~preinstall: page@1.7.1
228 silly lifecycle page@1.7.1~preinstall: no script for preinstall, continuing
229 silly executeActions Starting
230 silly install executeActions
231 silly doSerial global-install 0
232 silly doParallel fetch 4
233 verbose correctMkdir /Users/kbrumer/.npm/_locks correctMkdir not in flight; initializing
234 verbose lock using /Users/kbrumer/.npm/_locks/staging-a0954849b3101eb9.lock for /Work/github.com/kbrumer/cfpdx-301-2017-lectures/lectures/14-middleware/demos/page.js/node_modules/.staging
235 silly doParallel extract 4
236 silly extract bindings@1.2.1
237 silly extract nan@2.6.2
238 silly extract contextify@0.1.15
239 silly extract jsdom@1.5.0
240 verbose unbuild node_modules/.staging/bindings-2c1d9fd4
241 verbose unbuild node_modules/.staging/nan-e2f680c9
242 verbose unbuild node_modules/.staging/contextify-29d9e425
243 verbose unbuild node_modules/.staging/jsdom-8f2d3d76
244 silly gentlyRm /Work/github.com/kbrumer/cfpdx-301-2017-lectures/lectures/14-middleware/demos/page.js/node_modules/.staging/bindings-2c1d9fd4 is being purged from base /Work/github.com/kbrumer/cfpdx-301-2017-lectures/lectures/14-middleware/demos/page.js
245 verbose gentlyRm don't care about contents; nuking /Work/github.com/kbrumer/cfpdx-301-2017-lectures/lectures/14-middleware/demos/page.js/node_modules/.staging/bindings-2c1d9fd4
246 silly gentlyRm /Work/github.com/kbrumer/cfpdx-301-2017-lectures/lectures/14-middleware/demos/page.js/node_modules/.staging/nan-e2f680c9 is being purged from base /Work/github.com/kbrumer/cfpdx-301-2017-lectures/lectures/14-middleware/demos/page.js
247 verbose gentlyRm don't care about contents; nuking /Work/github.com/kbrumer/cfpdx-301-2017-lectures/lectures/14-middleware/demos/page.js/node_modules/.staging/nan-e2f680c9
248 silly gentlyRm /Work/github.com/kbrumer/cfpdx-301-2017-lectures/lectures/14-middleware/demos/page.js/node_modules/.staging/contextify-29d9e425 is being purged from base /Work/github.com/kbrumer/cfpdx-301-2017-lectures/lectures/14-middleware/demos/page.js
249 verbose gentlyRm don't care about contents; nuking /Work/github.com/kbrumer/cfpdx-301-2017-lectures/lectures/14-middleware/demos/page.js/node_modules/.staging/contextify-29d9e425
250 silly gentlyRm /Work/github.com/kbrumer/cfpdx-301-2017-lectures/lectures/14-middleware/demos/page.js/node_modules/.staging/jsdom-8f2d3d76 is being purged from base /Work/github.com/kbrumer/cfpdx-301-2017-lectures/lectures/14-middleware/demos/page.js
251 verbose gentlyRm don't care about contents; nuking /Work/github.com/kbrumer/cfpdx-301-2017-lectures/lectures/14-middleware/demos/page.js/node_modules/.staging/jsdom-8f2d3d76
252 verbose tar unpack /Users/kbrumer/.npm/bindings/1.2.1/package.tgz
253 verbose tar unpacking to /Work/github.com/kbrumer/cfpdx-301-2017-lectures/lectures/14-middleware/demos/page.js/node_modules/.staging/bindings-2c1d9fd4
254 silly gentlyRm /Work/github.com/kbrumer/cfpdx-301-2017-lectures/lectures/14-middleware/demos/page.js/node_modules/.staging/bindings-2c1d9fd4 is being purged
255 verbose gentlyRm don't care about contents; nuking /Work/github.com/kbrumer/cfpdx-301-2017-lectures/lectures/14-middleware/demos/page.js/node_modules/.staging/bindings-2c1d9fd4
256 verbose tar unpack /Users/kbrumer/.npm/nan/2.6.2/package.tgz
257 verbose tar unpacking to /Work/github.com/kbrumer/cfpdx-301-2017-lectures/lectures/14-middleware/demos/page.js/node_modules/.staging/nan-e2f680c9
258 silly gentlyRm /Work/github.com/kbrumer/cfpdx-301-2017-lectures/lectures/14-middleware/demos/page.js/node_modules/.staging/nan-e2f680c9 is being purged
259 verbose gentlyRm don't care about contents; nuking /Work/github.com/kbrumer/cfpdx-301-2017-lectures/lectures/14-middleware/demos/page.js/node_modules/.staging/nan-e2f680c9
260 verbose tar unpack /Users/kbrumer/.npm/contextify/0.1.15/package.tgz
261 verbose tar unpacking to /Work/github.com/kbrumer/cfpdx-301-2017-lectures/lectures/14-middleware/demos/page.js/node_modules/.staging/contextify-29d9e425
262 silly gentlyRm /Work/github.com/kbrumer/cfpdx-301-2017-lectures/lectures/14-middleware/demos/page.js/node_modules/.staging/contextify-29d9e425 is being purged
263 verbose gentlyRm don't care about contents; nuking /Work/github.com/kbrumer/cfpdx-301-2017-lectures/lectures/14-middleware/demos/page.js/node_modules/.staging/contextify-29d9e425
264 verbose tar unpack /Users/kbrumer/.npm/jsdom/1.5.0/package.tgz
265 verbose tar unpacking to /Work/github.com/kbrumer/cfpdx-301-2017-lectures/lectures/14-middleware/demos/page.js/node_modules/.staging/jsdom-8f2d3d76
266 silly gentlyRm /Work/github.com/kbrumer/cfpdx-301-2017-lectures/lectures/14-middleware/demos/page.js/node_modules/.staging/jsdom-8f2d3d76 is being purged
267 verbose gentlyRm don't care about contents; nuking /Work/github.com/kbrumer/cfpdx-301-2017-lectures/lectures/14-middleware/demos/page.js/node_modules/.staging/jsdom-8f2d3d76
268 silly gunzTarPerm modes [ '755', '644' ]
269 silly gunzTarPerm modes [ '755', '644' ]
270 silly gunzTarPerm modes [ '755', '644' ]
271 silly gunzTarPerm modes [ '755', '644' ]
272 silly gunzTarPerm extractEntry package.json
273 silly gunzTarPerm extractEntry package.json
274 silly gunzTarPerm modified mode [ 'package.json', 438, 420 ]
275 silly gunzTarPerm extractEntry package.json
276 silly gunzTarPerm modified mode [ 'package.json', 436, 420 ]
277 silly gunzTarPerm extractEntry package.json
278 silly gunzTarPerm extractEntry README.md
279 silly gunzTarPerm extractEntry bindings.js
280 silly gunzTarPerm extractEntry README.md
281 silly gunzTarPerm modified mode [ 'README.md', 438, 420 ]
282 silly gunzTarPerm extractEntry README.md
283 silly gunzTarPerm modified mode [ 'README.md', 436, 420 ]
284 silly gunzTarPerm extractEntry .npmignore
285 silly gunzTarPerm extractEntry README.md
286 silly gunzTarPerm extractEntry include_dirs.js
287 silly gunzTarPerm modified mode [ 'include_dirs.js', 436, 420 ]
288 silly gunzTarPerm extractEntry Changelog.md
289 silly gunzTarPerm modified mode [ 'Changelog.md', 438, 420 ]
290 silly gunzTarPerm extractEntry nan_converters_43_inl.h
291 silly gunzTarPerm modified mode [ 'nan_converters_43_inl.h', 436, 420 ]
292 silly gunzTarPerm extractEntry LICENSE.md
293 silly gunzTarPerm modified mode [ 'LICENSE.md', 436, 420 ]
294 silly gunzTarPerm extractEntry doc/new.md
295 silly gunzTarPerm modified mode [ 'doc/new.md', 436, 420 ]
296 silly gunzTarPerm extractEntry .travis.yml
297 silly gunzTarPerm extractEntry LICENSE.txt
298 silly gunzTarPerm extractEntry LICENSE.txt
299 silly gunzTarPerm modified mode [ 'LICENSE.txt', 438, 420 ]
300 silly gunzTarPerm extractEntry lib/jsdom.js
301 silly gunzTarPerm modified mode [ 'lib/jsdom.js', 438, 420 ]
302 silly gunzTarPerm extractEntry doc/asyncworker.md
303 silly gunzTarPerm modified mode [ 'doc/asyncworker.md', 436, 420 ]
304 silly gunzTarPerm extractEntry .dntrc
305 silly gunzTarPerm extractEntry binding.gyp
306 silly gunzTarPerm extractEntry lib/jsdom/contextify-shim.js
307 silly gunzTarPerm modified mode [ 'lib/jsdom/contextify-shim.js', 438, 420 ]
308 silly gunzTarPerm extractEntry lib/jsdom/utils.js
309 silly gunzTarPerm modified mode [ 'lib/jsdom/utils.js', 438, 420 ]
310 silly gunzTarPerm extractEntry lib/jsdom/browser/documentAdapter.js
311 silly gunzTarPerm modified mode [ 'lib/jsdom/browser/documentAdapter.js', 438, 420 ]
312 silly gunzTarPerm extractEntry doc/callback.md
313 silly gunzTarPerm modified mode [ 'doc/callback.md', 436, 420 ]
314 silly gunzTarPerm extractEntry doc/converters.md
315 silly gunzTarPerm modified mode [ 'doc/converters.md', 436, 420 ]
316 silly gunzTarPerm extractEntry lib/jsdom/browser/documentfeatures.js
317 silly gunzTarPerm modified mode [ 'lib/jsdom/browser/documentfeatures.js', 438, 420 ]
318 silly gunzTarPerm extractEntry lib/jsdom/browser/domtohtml.js
319 silly gunzTarPerm modified mode [ 'lib/jsdom/browser/domtohtml.js', 438, 420 ]
320 silly gunzTarPerm extractEntry changelog
321 silly gunzTarPerm extractEntry lib/contextify.js
322 silly gunzTarPerm extractEntry test/contextify.js
323 silly gunzTarPerm extractEntry src/contextify.cc
324 silly gunzTarPerm extractEntry wscript
325 silly gunzTarPerm extractEntry doc/errors.md
326 silly gunzTarPerm modified mode [ 'doc/errors.md', 436, 420 ]
327 silly gunzTarPerm extractEntry doc/json.md
328 silly gunzTarPerm modified mode [ 'doc/json.md', 436, 420 ]
329 silly gunzTarPerm extractEntry lib/jsdom/browser/history.js
330 silly gunzTarPerm modified mode [ 'lib/jsdom/browser/history.js', 438, 420 ]
331 silly gunzTarPerm extractEntry lib/jsdom/browser/htmltodom.js
332 silly gunzTarPerm modified mode [ 'lib/jsdom/browser/htmltodom.js', 438, 420 ]
333 silly gunzTarPerm extractEntry doc/maybe_types.md
334 silly gunzTarPerm modified mode [ 'doc/maybe_types.md', 436, 420 ]
335 silly gunzTarPerm extractEntry doc/methods.md
336 silly gunzTarPerm modified mode [ 'doc/methods.md', 436, 420 ]
337 silly gunzTarPerm extractEntry lib/jsdom/browser/index.js
338 silly gunzTarPerm modified mode [ 'lib/jsdom/browser/index.js', 438, 420 ]
339 silly gunzTarPerm extractEntry lib/jsdom/browser/location.js
340 silly gunzTarPerm modified mode [ 'lib/jsdom/browser/location.js', 438, 420 ]
341 silly gentlyRm /Work/github.com/kbrumer/cfpdx-301-2017-lectures/lectures/14-middleware/demos/page.js/node_modules/.staging/bindings-2c1d9fd4/node_modules is being purged
342 verbose gentlyRm don't care about contents; nuking /Work/github.com/kbrumer/cfpdx-301-2017-lectures/lectures/14-middleware/demos/page.js/node_modules/.staging/bindings-2c1d9fd4/node_modules
343 silly gunzTarPerm extractEntry doc/buffers.md
344 silly gunzTarPerm modified mode [ 'doc/buffers.md', 436, 420 ]
345 silly gunzTarPerm extractEntry doc/node_misc.md
346 silly gunzTarPerm modified mode [ 'doc/node_misc.md', 436, 420 ]
347 silly gunzTarPerm extractEntry lib/jsdom/browser/utils.js
348 silly gunzTarPerm modified mode [ 'lib/jsdom/browser/utils.js', 438, 420 ]
349 silly gunzTarPerm extractEntry lib/jsdom/level1/core.js
350 silly gunzTarPerm modified mode [ 'lib/jsdom/level1/core.js', 438, 420 ]
351 silly gunzTarPerm extractEntry doc/object_wrappers.md
352 silly gunzTarPerm modified mode [ 'doc/object_wrappers.md', 436, 420 ]
353 silly gunzTarPerm extractEntry doc/persistent.md
354 silly gunzTarPerm modified mode [ 'doc/persistent.md', 436, 420 ]
355 silly gunzTarPerm extractEntry lib/jsdom/level2/core.js
356 silly gunzTarPerm modified mode [ 'lib/jsdom/level2/core.js', 438, 420 ]
357 silly gunzTarPerm extractEntry doc/scopes.md
358 silly gunzTarPerm modified mode [ 'doc/scopes.md', 436, 420 ]
359 silly gunzTarPerm extractEntry lib/jsdom/level2/events.js
360 silly gunzTarPerm modified mode [ 'lib/jsdom/level2/events.js', 438, 420 ]
361 silly gunzTarPerm extractEntry lib/jsdom/level2/html.js
362 silly gunzTarPerm modified mode [ 'lib/jsdom/level2/html.js', 438, 420 ]
363 silly gunzTarPerm extractEntry doc/script.md
364 silly gunzTarPerm modified mode [ 'doc/script.md', 436, 420 ]
365 silly gunzTarPerm extractEntry doc/string_bytes.md
366 silly gunzTarPerm modified mode [ 'doc/string_bytes.md', 436, 420 ]
367 silly gunzTarPerm extractEntry lib/jsdom/level2/index.js
368 silly gunzTarPerm modified mode [ 'lib/jsdom/level2/index.js', 438, 420 ]
369 silly gunzTarPerm extractEntry lib/jsdom/level2/style.js
370 silly gunzTarPerm modified mode [ 'lib/jsdom/level2/style.js', 438, 420 ]
371 silly gunzTarPerm extractEntry doc/v8_internals.md
372 silly gunzTarPerm modified mode [ 'doc/v8_internals.md', 436, 420 ]
373 silly gunzTarPerm extractEntry doc/v8_misc.md
374 silly gunzTarPerm modified mode [ 'doc/v8_misc.md', 436, 420 ]
375 silly gunzTarPerm extractEntry lib/jsdom/level2/languages/javascript.js
376 silly gunzTarPerm modified mode [ 'lib/jsdom/level2/languages/javascript.js', 438, 420 ]
377 silly gunzTarPerm extractEntry nan.h
378 silly gunzTarPerm modified mode [ 'nan.h', 436, 420 ]
379 silly gunzTarPerm extractEntry nan_callbacks.h
380 silly gunzTarPerm modified mode [ 'nan_callbacks.h', 436, 420 ]
381 silly gunzTarPerm extractEntry lib/jsdom/level3/core.js
382 silly gunzTarPerm modified mode [ 'lib/jsdom/level3/core.js', 438, 420 ]
383 silly gunzTarPerm extractEntry lib/jsdom/level3/events.js
384 silly gunzTarPerm modified mode [ 'lib/jsdom/level3/events.js', 438, 420 ]
385 silly gunzTarPerm extractEntry nan_callbacks_12_inl.h
386 silly gunzTarPerm modified mode [ 'nan_callbacks_12_inl.h', 436, 420 ]
387 silly gunzTarPerm extractEntry nan_callbacks_pre_12_inl.h
388 silly gunzTarPerm modified mode [ 'nan_callbacks_pre_12_inl.h', 436, 420 ]
389 silly gunzTarPerm extractEntry nan_converters.h
390 silly gunzTarPerm modified mode [ 'nan_converters.h', 436, 420 ]
391 silly gunzTarPerm extractEntry nan_converters_pre_43_inl.h
392 silly gunzTarPerm modified mode [ 'nan_converters_pre_43_inl.h', 436, 420 ]
393 silly gunzTarPerm extractEntry lib/jsdom/level3/html.js
394 silly gunzTarPerm modified mode [ 'lib/jsdom/level3/html.js', 438, 420 ]
395 silly gunzTarPerm extractEntry lib/jsdom/level3/index.js
396 silly gunzTarPerm modified mode [ 'lib/jsdom/level3/index.js', 438, 420 ]
397 silly gunzTarPerm extractEntry nan_implementation_12_inl.h
398 silly gunzTarPerm modified mode [ 'nan_implementation_12_inl.h', 436, 420 ]
399 silly gunzTarPerm extractEntry nan_implementation_pre_12_inl.h
400 silly gunzTarPerm modified mode [ 'nan_implementation_pre_12_inl.h', 436, 420 ]
401 silly gunzTarPerm extractEntry nan_json.h
402 silly gunzTarPerm modified mode [ 'nan_json.h', 436, 420 ]
403 silly gunzTarPerm extractEntry nan_maybe_43_inl.h
404 silly gunzTarPerm modified mode [ 'nan_maybe_43_inl.h', 436, 420 ]
405 silly gunzTarPerm extractEntry lib/jsdom/level3/ls.js
406 silly gunzTarPerm modified mode [ 'lib/jsdom/level3/ls.js', 438, 420 ]
407 silly gunzTarPerm extractEntry lib/jsdom/level3/xpath.js
408 silly gunzTarPerm modified mode [ 'lib/jsdom/level3/xpath.js', 438, 420 ]
409 silly gunzTarPerm extractEntry lib/jsdom/living/dom-implementation.js
410 silly gunzTarPerm modified mode [ 'lib/jsdom/living/dom-implementation.js', 438, 420 ]
411 silly gunzTarPerm extractEntry lib/jsdom/living/index.js
412 silly gunzTarPerm modified mode [ 'lib/jsdom/living/index.js', 438, 420 ]
413 silly gunzTarPerm extractEntry nan_maybe_pre_43_inl.h
414 silly gunzTarPerm modified mode [ 'nan_maybe_pre_43_inl.h', 436, 420 ]
415 silly gunzTarPerm extractEntry nan_new.h
416 silly gunzTarPerm modified mode [ 'nan_new.h', 436, 420 ]
417 silly gentlyRm /Work/github.com/kbrumer/cfpdx-301-2017-lectures/lectures/14-middleware/demos/page.js/node_modules/.staging/contextify-29d9e425/node_modules is being purged
418 verbose gentlyRm don't care about contents; nuking /Work/github.com/kbrumer/cfpdx-301-2017-lectures/lectures/14-middleware/demos/page.js/node_modules/.staging/contextify-29d9e425/node_modules
419 silly gunzTarPerm extractEntry lib/jsdom/living/node-filter.js
420 silly gunzTarPerm modified mode [ 'lib/jsdom/living/node-filter.js', 438, 420 ]
421 silly gunzTarPerm extractEntry lib/jsdom/living/node.js
422 silly gunzTarPerm modified mode [ 'lib/jsdom/living/node.js', 438, 420 ]
423 silly gunzTarPerm extractEntry nan_object_wrap.h
424 silly gunzTarPerm modified mode [ 'nan_object_wrap.h', 436, 420 ]
425 silly gunzTarPerm extractEntry nan_persistent_12_inl.h
426 silly gunzTarPerm modified mode [ 'nan_persistent_12_inl.h', 436, 420 ]
427 silly gunzTarPerm extractEntry lib/jsdom/selectors/index.js
428 silly gunzTarPerm modified mode [ 'lib/jsdom/selectors/index.js', 438, 420 ]
429 silly gunzTarPerm extractEntry nan_persistent_pre_12_inl.h
430 silly gunzTarPerm modified mode [ 'nan_persistent_pre_12_inl.h', 436, 420 ]
431 silly gunzTarPerm extractEntry nan_private.h
432 silly gunzTarPerm modified mode [ 'nan_private.h', 436, 420 ]
433 silly gunzTarPerm extractEntry nan_string_bytes.h
434 silly gunzTarPerm modified mode [ 'nan_string_bytes.h', 436, 420 ]
435 silly gunzTarPerm extractEntry nan_typedarray_contents.h
436 silly gunzTarPerm modified mode [ 'nan_typedarray_contents.h', 436, 420 ]
437 silly gunzTarPerm extractEntry nan_weak.h
438 silly gunzTarPerm modified mode [ 'nan_weak.h', 436, 420 ]
439 silly gunzTarPerm extractEntry CHANGELOG.md
440 silly gunzTarPerm modified mode [ 'CHANGELOG.md', 436, 420 ]
441 silly gunzTarPerm extractEntry tools/package.json
442 silly gunzTarPerm modified mode [ 'tools/package.json', 436, 420 ]
443 silly gunzTarPerm extractEntry tools/README.md
444 silly gunzTarPerm modified mode [ 'tools/README.md', 436, 420 ]
445 silly gunzTarPerm extractEntry tools/1to2.js
446 silly gunzTarPerm modified mode [ 'tools/1to2.js', 509, 493 ]
447 silly gentlyRm /Work/github.com/kbrumer/cfpdx-301-2017-lectures/lectures/14-middleware/demos/page.js/node_modules/.staging/jsdom-8f2d3d76/node_modules is being purged
448 verbose gentlyRm don't care about contents; nuking /Work/github.com/kbrumer/cfpdx-301-2017-lectures/lectures/14-middleware/demos/page.js/node_modules/.staging/jsdom-8f2d3d76/node_modules
449 silly gentlyRm /Work/github.com/kbrumer/cfpdx-301-2017-lectures/lectures/14-middleware/demos/page.js/node_modules/.staging/nan-e2f680c9/node_modules is being purged
450 verbose gentlyRm don't care about contents; nuking /Work/github.com/kbrumer/cfpdx-301-2017-lectures/lectures/14-middleware/demos/page.js/node_modules/.staging/nan-e2f680c9/node_modules
451 silly doParallel preinstall 4
452 silly preinstall bindings@1.2.1 /Work/github.com/kbrumer/cfpdx-301-2017-lectures/lectures/14-middleware/demos/page.js/node_modules/.staging/bindings-2c1d9fd4
453 info lifecycle bindings@1.2.1~preinstall: bindings@1.2.1
454 silly preinstall nan@2.6.2 /Work/github.com/kbrumer/cfpdx-301-2017-lectures/lectures/14-middleware/demos/page.js/node_modules/.staging/nan-e2f680c9
455 info lifecycle nan@2.6.2~preinstall: nan@2.6.2
456 silly preinstall contextify@0.1.15 /Work/github.com/kbrumer/cfpdx-301-2017-lectures/lectures/14-middleware/demos/page.js/node_modules/.staging/contextify-29d9e425
457 info lifecycle contextify@0.1.15~preinstall: contextify@0.1.15
458 silly preinstall jsdom@1.5.0 /Work/github.com/kbrumer/cfpdx-301-2017-lectures/lectures/14-middleware/demos/page.js/node_modules/.staging/jsdom-8f2d3d76
459 info lifecycle jsdom@1.5.0~preinstall: jsdom@1.5.0
460 silly lifecycle bindings@1.2.1~preinstall: no script for preinstall, continuing
461 silly lifecycle nan@2.6.2~preinstall: no script for preinstall, continuing
462 silly lifecycle contextify@0.1.15~preinstall: no script for preinstall, continuing
463 silly lifecycle jsdom@1.5.0~preinstall: no script for preinstall, continuing
464 silly doReverseSerial remove 0
465 silly doSerial move 0
466 silly doSerial finalize 4
467 silly finalize /Work/github.com/kbrumer/cfpdx-301-2017-lectures/lectures/14-middleware/demos/page.js/node_modules/bindings
468 silly finalize /Work/github.com/kbrumer/cfpdx-301-2017-lectures/lectures/14-middleware/demos/page.js/node_modules/nan
469 silly finalize /Work/github.com/kbrumer/cfpdx-301-2017-lectures/lectures/14-middleware/demos/page.js/node_modules/contextify
470 silly finalize /Work/github.com/kbrumer/cfpdx-301-2017-lectures/lectures/14-middleware/demos/page.js/node_modules/jsdom
471 silly doSerial build 4
472 silly build bindings@1.2.1
473 info linkStuff bindings@1.2.1
474 silly linkStuff bindings@1.2.1 has /Work/github.com/kbrumer/cfpdx-301-2017-lectures/lectures/14-middleware/demos/page.js/node_modules as its parent node_modules
475 verbose linkBins bindings@1.2.1
476 verbose linkMans bindings@1.2.1
477 silly build nan@2.6.2
478 info linkStuff nan@2.6.2
479 silly linkStuff nan@2.6.2 has /Work/github.com/kbrumer/cfpdx-301-2017-lectures/lectures/14-middleware/demos/page.js/node_modules as its parent node_modules
480 verbose linkBins nan@2.6.2
481 verbose linkMans nan@2.6.2
482 silly build contextify@0.1.15
483 info linkStuff contextify@0.1.15
484 silly linkStuff contextify@0.1.15 has /Work/github.com/kbrumer/cfpdx-301-2017-lectures/lectures/14-middleware/demos/page.js/node_modules as its parent node_modules
485 verbose linkBins contextify@0.1.15
486 verbose linkMans contextify@0.1.15
487 silly build jsdom@1.5.0
488 info linkStuff jsdom@1.5.0
489 silly linkStuff jsdom@1.5.0 has /Work/github.com/kbrumer/cfpdx-301-2017-lectures/lectures/14-middleware/demos/page.js/node_modules as its parent node_modules
490 verbose linkBins jsdom@1.5.0
491 verbose linkMans jsdom@1.5.0
492 silly doSerial global-link 0
493 silly doParallel update-linked 0
494 silly doSerial install 4
495 silly install bindings@1.2.1 /Work/github.com/kbrumer/cfpdx-301-2017-lectures/lectures/14-middleware/demos/page.js/node_modules/.staging/bindings-2c1d9fd4
496 info lifecycle bindings@1.2.1~install: bindings@1.2.1
497 silly lifecycle bindings@1.2.1~install: no script for install, continuing
498 silly install nan@2.6.2 /Work/github.com/kbrumer/cfpdx-301-2017-lectures/lectures/14-middleware/demos/page.js/node_modules/.staging/nan-e2f680c9
499 info lifecycle nan@2.6.2~install: nan@2.6.2
500 silly lifecycle nan@2.6.2~install: no script for install, continuing
501 silly install contextify@0.1.15 /Work/github.com/kbrumer/cfpdx-301-2017-lectures/lectures/14-middleware/demos/page.js/node_modules/.staging/contextify-29d9e425
502 info lifecycle contextify@0.1.15~install: contextify@0.1.15
503 verbose lifecycle contextify@0.1.15~install: unsafe-perm in lifecycle true
504 verbose lifecycle contextify@0.1.15~install: PATH: /usr/local/lib/node_modules/npm/bin/node-gyp-bin:/Work/github.com/kbrumer/cfpdx-301-2017-lectures/lectures/14-middleware/demos/page.js/node_modules/contextify/node_modules/.bin:/Work/github.com/kbrumer/cfpdx-301-2017-lectures/lectures/14-middleware/demos/page.js/node_modules/.bin:/usr/local/Cellar/node/7.1.0/bin:/Library/Frameworks/Python.framework/Versions/3.5/bin:/usr/local/bin:/usr/bin:/bin:/usr/sbin:/sbin:/Library/Java/JavaVirtualMachines/jdk1.8.0_91.jdk/Contents/Home/bin:/usr/local/maven/bin:/Library/PostgreSQL/9.5/bin:/Users/kbrumer/bin:/usr/local/scala/bin:/usr/local/zinc/bin:/usr/local/activator/bin:/usr/local/leiningen:/usr/local/android-sdk-macosx/tools:/usr/local/android-sdk-macosx/platform-tools:/usr/local/rabbitmq/bin
505 verbose lifecycle contextify@0.1.15~install: CWD: /Work/github.com/kbrumer/cfpdx-301-2017-lectures/lectures/14-middleware/demos/page.js/node_modules/contextify
506 silly lifecycle contextify@0.1.15~install: Args: [ '-c', 'node-gyp rebuild' ]
507 silly lifecycle contextify@0.1.15~install: Returned: code: 1  signal: null
508 info lifecycle contextify@0.1.15~install: Failed to exec install script
509 verbose unlock done using /Users/kbrumer/.npm/_locks/staging-a0954849b3101eb9.lock for /Work/github.com/kbrumer/cfpdx-301-2017-lectures/lectures/14-middleware/demos/page.js/node_modules/.staging
510 silly rollbackFailedOptional Starting
511 silly rollbackFailedOptional Finishing
512 silly runTopLevelLifecycles Finishing
513 silly install printInstalled
514 verbose stack Error: contextify@0.1.15 install: `node-gyp rebuild`
514 verbose stack Exit status 1
514 verbose stack     at EventEmitter.<anonymous> (/usr/local/lib/node_modules/npm/lib/utils/lifecycle.js:255:16)
514 verbose stack     at emitTwo (events.js:106:13)
514 verbose stack     at EventEmitter.emit (events.js:191:7)
514 verbose stack     at ChildProcess.<anonymous> (/usr/local/lib/node_modules/npm/lib/utils/spawn.js:40:14)
514 verbose stack     at emitTwo (events.js:106:13)
514 verbose stack     at ChildProcess.emit (events.js:191:7)
514 verbose stack     at maybeClose (internal/child_process.js:885:16)
514 verbose stack     at Process.ChildProcess._handle.onexit (internal/child_process.js:226:5)
515 verbose pkgid contextify@0.1.15
516 verbose cwd /Work/github.com/kbrumer/cfpdx-301-2017-lectures/lectures/14-middleware/demos/page.js
517 error Darwin 16.6.0
518 error argv "/usr/local/Cellar/node/7.1.0/bin/node" "/usr/local/bin/npm" "install"
519 error node v7.1.0
520 error npm  v3.10.9
521 error code ELIFECYCLE
522 error contextify@0.1.15 install: `node-gyp rebuild`
522 error Exit status 1
523 error Failed at the contextify@0.1.15 install script 'node-gyp rebuild'.
523 error Make sure you have the latest version of node.js and npm installed.
523 error If you do, this is most likely a problem with the contextify package,
523 error not with npm itself.
523 error Tell the author that this fails on your system:
523 error     node-gyp rebuild
523 error You can get information on how to open an issue for this project with:
523 error     npm bugs contextify
523 error Or if that isn't available, you can get their info via:
523 error     npm owner ls contextify
523 error There is likely additional logging output above.
524 verbose exit [ 1, true ]
